<?xml version="1.0" encoding="UTF-8"?>
<testsuite name="pl.inferno.security.InfernoRestProxyRunnerTest" time="0.192" tests="3" errors="3" skipped="0" failures="0">
  <properties>
[...]
</properties>
  <testcase name="testAllUsers" classname="pl.inferno.security.InfernoRestProxyRunnerTest" time="0.118">
    <error message="I/O error on GET request for &quot;http://localhost:8001/api/user/&quot;: Połączenie odrzucone (Connection refused); nested exception is java.net.ConnectException: Połączenie odrzucone (Connection refused)" type="org.springframework.web.client.ResourceAccessException"><![CDATA[org.springframework.web.client.ResourceAccessException: I/O error on GET request for "http://localhost:8001/api/user/": Połączenie odrzucone (Connection refused); nested exception is java.net.ConnectException: Połączenie odrzucone (Connection refused)
	at java.net.PlainSocketImpl.socketConnect(Native Method)
	at java.net.AbstractPlainSocketImpl.doConnect(AbstractPlainSocketImpl.java:350)
	at java.net.AbstractPlainSocketImpl.connectToAddress(AbstractPlainSocketImpl.java:206)
	at java.net.AbstractPlainSocketImpl.connect(AbstractPlainSocketImpl.java:188)
	at java.net.SocksSocketImpl.connect(SocksSocketImpl.java:392)
	at java.net.Socket.connect(Socket.java:589)
	at java.net.Socket.connect(Socket.java:538)
	at sun.net.NetworkClient.doConnect(NetworkClient.java:180)
	at sun.net.www.http.HttpClient.openServer(HttpClient.java:463)
	at sun.net.www.http.HttpClient.openServer(HttpClient.java:558)
	at sun.net.www.http.HttpClient.<init>(HttpClient.java:242)
	at sun.net.www.http.HttpClient.New(HttpClient.java:339)
	at sun.net.www.http.HttpClient.New(HttpClient.java:357)
	at sun.net.www.protocol.http.HttpURLConnection.getNewHttpClient(HttpURLConnection.java:1202)
	at sun.net.www.protocol.http.HttpURLConnection.plainConnect0(HttpURLConnection.java:1138)
	at sun.net.www.protocol.http.HttpURLConnection.plainConnect(HttpURLConnection.java:1032)
	at sun.net.www.protocol.http.HttpURLConnection.connect(HttpURLConnection.java:966)
	at org.springframework.http.client.SimpleBufferingClientHttpRequest.executeInternal(SimpleBufferingClientHttpRequest.java:78)
	at org.springframework.http.client.AbstractBufferingClientHttpRequest.executeInternal(AbstractBufferingClientHttpRequest.java:48)
	at org.springframework.http.client.AbstractClientHttpRequest.execute(AbstractClientHttpRequest.java:53)
	at org.springframework.web.client.RestTemplate.doExecute(RestTemplate.java:652)
	at org.springframework.web.client.RestTemplate.execute(RestTemplate.java:613)
	at org.springframework.web.client.RestTemplate.getForObject(RestTemplate.java:287)
	at pl.inferno.security.proxy.service.impl.UserProxyServiceImpl.getAllUsers(UserProxyServiceImpl.java:80)
	at pl.inferno.security.InfernoRestProxyRunnerTest.testAllUsers(InfernoRestProxyRunnerTest.java:70)
]]></error>
    <system-out><![CDATA[11:37:44.070 [main] DEBUG org.springframework.test.context.junit4.SpringJUnit4ClassRunner - SpringJUnit4ClassRunner constructor called with [class pl.inferno.security.InfernoRestProxyRunnerTest]
11:37:44.079 [main] DEBUG org.springframework.test.context.BootstrapUtils - Instantiating CacheAwareContextLoaderDelegate from class [org.springframework.test.context.cache.DefaultCacheAwareContextLoaderDelegate]
11:37:44.088 [main] DEBUG org.springframework.test.context.BootstrapUtils - Instantiating BootstrapContext using constructor [public org.springframework.test.context.support.DefaultBootstrapContext(java.lang.Class,org.springframework.test.context.CacheAwareContextLoaderDelegate)]
11:37:44.109 [main] DEBUG org.springframework.test.context.BootstrapUtils - Instantiating TestContextBootstrapper for test class [pl.inferno.security.InfernoRestProxyRunnerTest] from class [org.springframework.boot.test.context.SpringBootTestContextBootstrapper]
11:37:44.120 [main] INFO org.springframework.boot.test.context.SpringBootTestContextBootstrapper - Neither @ContextConfiguration nor @ContextHierarchy found for test class [pl.inferno.security.InfernoRestProxyRunnerTest], using SpringBootContextLoader
11:37:44.125 [main] DEBUG org.springframework.test.context.support.AbstractContextLoader - Did not detect default resource location for test class [pl.inferno.security.InfernoRestProxyRunnerTest]: class path resource [pl/inferno/security/InfernoRestProxyRunnerTest-context.xml] does not exist
11:37:44.126 [main] DEBUG org.springframework.test.context.support.AbstractContextLoader - Did not detect default resource location for test class [pl.inferno.security.InfernoRestProxyRunnerTest]: class path resource [pl/inferno/security/InfernoRestProxyRunnerTestContext.groovy] does not exist
11:37:44.126 [main] INFO org.springframework.test.context.support.AbstractContextLoader - Could not detect default resource locations for test class [pl.inferno.security.InfernoRestProxyRunnerTest]: no resource found for suffixes {-context.xml, Context.groovy}.
11:37:44.127 [main] INFO org.springframework.test.context.support.AnnotationConfigContextLoaderUtils - Could not detect default configuration classes for test class [pl.inferno.security.InfernoRestProxyRunnerTest]: InfernoRestProxyRunnerTest does not declare any static, non-private, non-final, nested classes annotated with @Configuration.
11:37:44.170 [main] DEBUG org.springframework.test.context.support.ActiveProfilesUtils - Could not find an 'annotation declaring class' for annotation type [org.springframework.test.context.ActiveProfiles] and class [pl.inferno.security.InfernoRestProxyRunnerTest]
11:37:44.185 [main] DEBUG org.springframework.core.env.StandardEnvironment - Adding PropertySource 'systemProperties' with lowest search precedence
11:37:44.187 [main] DEBUG org.springframework.core.env.StandardEnvironment - Adding PropertySource 'systemEnvironment' with lowest search precedence
11:37:44.190 [main] DEBUG org.springframework.core.env.StandardEnvironment - Initialized StandardEnvironment with PropertySources [MapPropertySource@665188480 {name='systemProperties', properties={java.runtime.name=Java(TM) SE Runtime Environment, sun.boot.library.path=/usr/lib/jvm/java-8-oracle/jre/lib/amd64, java.vm.version=25.144-b01, java.vm.vendor=Oracle Corporation, java.vendor.url=http://java.oracle.com/, path.separator=:, java.vm.name=Java HotSpot(TM) 64-Bit Server VM, file.encoding.pkg=sun.io, user.country=PL, sun.java.launcher=SUN_STANDARD, sun.os.patch.level=unknown, java.vm.specification.name=Java Virtual Machine Specification, user.dir=/home/lukasz-adm/workspace-prototypes/inferno-security-parent/inferno-security-interfaces-parent/inferno-security-rest-proxy, java.runtime.version=1.8.0_144-b01, basedir=/home/lukasz-adm/workspace-prototypes/inferno-security-parent/inferno-security-interfaces-parent/inferno-security-rest-proxy, java.awt.graphicsenv=sun.awt.X11GraphicsEnvironment, java.endorsed.dirs=/usr/lib/jvm/java-8-oracle/jre/lib/endorsed, os.arch=amd64, surefire.real.class.path=/home/lukasz-adm/workspace-prototypes/inferno-security-parent/inferno-security-interfaces-parent/inferno-security-rest-proxy/target/surefire/surefirebooter5741729620948628262.jar, java.io.tmpdir=/tmp, line.separator=
, java.vm.specification.vendor=Oracle Corporation, os.name=Linux, sun.jnu.encoding=UTF-8, java.library.path=/usr/java/packages/lib/amd64:/usr/lib64:/lib64:/lib:/usr/lib, surefire.test.class.path=/home/lukasz-adm/workspace-prototypes/inferno-security-parent/inferno-security-interfaces-parent/inferno-security-rest-proxy/target/test-classes:/home/lukasz-adm/workspace-prototypes/inferno-security-parent/inferno-security-interfaces-parent/inferno-security-rest-proxy/target/classes:/home/lukasz-adm/.m2/repository/org/springframework/boot/spring-boot-starter-web/1.5.8.RELEASE/spring-boot-starter-web-1.5.8.RELEASE.jar:/home/lukasz-adm/.m2/repository/org/springframework/boot/spring-boot-starter/1.5.8.RELEASE/spring-boot-starter-1.5.8.RELEASE.jar:/home/lukasz-adm/.m2/repository/org/springframework/boot/spring-boot/1.5.8.RELEASE/spring-boot-1.5.8.RELEASE.jar:/home/lukasz-adm/.m2/repository/org/springframework/boot/spring-boot-autoconfigure/1.5.8.RELEASE/spring-boot-autoconfigure-1.5.8.RELEASE.jar:/home/lukasz-adm/.m2/repository/org/springframework/boot/spring-boot-starter-logging/1.5.8.RELEASE/spring-boot-starter-logging-1.5.8.RELEASE.jar:/home/lukasz-adm/.m2/repository/ch/qos/logback/logback-classic/1.1.11/logback-classic-1.1.11.jar:/home/lukasz-adm/.m2/repository/ch/qos/logback/logback-core/1.1.11/logback-core-1.1.11.jar:/home/lukasz-adm/.m2/repository/org/slf4j/jcl-over-slf4j/1.7.25/jcl-over-slf4j-1.7.25.jar:/home/lukasz-adm/.m2/repository/org/slf4j/jul-to-slf4j/1.7.25/jul-to-slf4j-1.7.25.jar:/home/lukasz-adm/.m2/repository/org/slf4j/log4j-over-slf4j/1.7.25/log4j-over-slf4j-1.7.25.jar:/home/lukasz-adm/.m2/repository/org/yaml/snakeyaml/1.17/snakeyaml-1.17.jar:/home/lukasz-adm/.m2/repository/org/springframework/boot/spring-boot-starter-tomcat/1.5.8.RELEASE/spring-boot-starter-tomcat-1.5.8.RELEASE.jar:/home/lukasz-adm/.m2/repository/org/apache/tomcat/embed/tomcat-embed-core/8.5.23/tomcat-embed-core-8.5.23.jar:/home/lukasz-adm/.m2/repository/org/apache/tomcat/tomcat-annotations-api/8.5.23/tomcat-annotations-api-8.5.23.jar:/home/lukasz-adm/.m2/repository/org/apache/tomcat/embed/tomcat-embed-el/8.5.23/tomcat-embed-el-8.5.23.jar:/home/lukasz-adm/.m2/repository/org/apache/tomcat/embed/tomcat-embed-websocket/8.5.23/tomcat-embed-websocket-8.5.23.jar:/home/lukasz-adm/.m2/repository/org/hibernate/hibernate-validator/5.3.5.Final/hibernate-validator-5.3.5.Final.jar:/home/lukasz-adm/.m2/repository/javax/validation/validation-api/1.1.0.Final/validation-api-1.1.0.Final.jar:/home/lukasz-adm/.m2/repository/org/jboss/logging/jboss-logging/3.3.1.Final/jboss-logging-3.3.1.Final.jar:/home/lukasz-adm/.m2/repository/com/fasterxml/classmate/1.3.4/classmate-1.3.4.jar:/home/lukasz-adm/.m2/repository/org/springframework/spring-web/4.3.12.RELEASE/spring-web-4.3.12.RELEASE.jar:/home/lukasz-adm/.m2/repository/org/springframework/spring-aop/4.3.12.RELEASE/spring-aop-4.3.12.RELEASE.jar:/home/lukasz-adm/.m2/repository/org/springframework/spring-beans/4.3.12.RELEASE/spring-beans-4.3.12.RELEASE.jar:/home/lukasz-adm/.m2/repository/org/springframework/spring-context/4.3.12.RELEASE/spring-context-4.3.12.RELEASE.jar:/home/lukasz-adm/.m2/repository/org/springframework/spring-webmvc/4.3.12.RELEASE/spring-webmvc-4.3.12.RELEASE.jar:/home/lukasz-adm/.m2/repository/org/springframework/spring-expression/4.3.12.RELEASE/spring-expression-4.3.12.RELEASE.jar:/home/lukasz-adm/.m2/repository/com/fasterxml/jackson/core/jackson-databind/2.8.5/jackson-databind-2.8.5.jar:/home/lukasz-adm/.m2/repository/com/fasterxml/jackson/core/jackson-annotations/2.8.0/jackson-annotations-2.8.0.jar:/home/lukasz-adm/.m2/repository/com/fasterxml/jackson/core/jackson-core/2.8.10/jackson-core-2.8.10.jar:/home/lukasz-adm/.m2/repository/com/fasterxml/jackson/datatype/jackson-datatype-jdk8/2.8.5/jackson-datatype-jdk8-2.8.5.jar:/home/lukasz-adm/.m2/repository/com/fasterxml/jackson/datatype/jackson-datatype-jsr310/2.8.5/jackson-datatype-jsr310-2.8.5.jar:/home/lukasz-adm/.m2/repository/org/springframework/boot/spring-boot-starter-test/1.5.8.RELEASE/spring-boot-starter-test-1.5.8.RELEASE.jar:/home/lukasz-adm/.m2/repository/org/springframework/boot/spring-boot-test/1.5.8.RELEASE/spring-boot-test-1.5.8.RELEASE.jar:/home/lukasz-adm/.m2/repository/org/springframework/boot/spring-boot-test-autoconfigure/1.5.8.RELEASE/spring-boot-test-autoconfigure-1.5.8.RELEASE.jar:/home/lukasz-adm/.m2/repository/com/jayway/jsonpath/json-path/2.2.0/json-path-2.2.0.jar:/home/lukasz-adm/.m2/repository/net/minidev/json-smart/2.2.1/json-smart-2.2.1.jar:/home/lukasz-adm/.m2/repository/net/minidev/accessors-smart/1.1/accessors-smart-1.1.jar:/home/lukasz-adm/.m2/repository/org/ow2/asm/asm/5.0.3/asm-5.0.3.jar:/home/lukasz-adm/.m2/repository/org/slf4j/slf4j-api/1.7.25/slf4j-api-1.7.25.jar:/home/lukasz-adm/.m2/repository/junit/junit/4.12/junit-4.12.jar:/home/lukasz-adm/.m2/repository/org/assertj/assertj-core/2.6.0/assertj-core-2.6.0.jar:/home/lukasz-adm/.m2/repository/org/mockito/mockito-core/1.10.19/mockito-core-1.10.19.jar:/home/lukasz-adm/.m2/repository/org/objenesis/objenesis/2.1/objenesis-2.1.jar:/home/lukasz-adm/.m2/repository/org/hamcrest/hamcrest-core/1.3/hamcrest-core-1.3.jar:/home/lukasz-adm/.m2/repository/org/hamcrest/hamcrest-library/1.3/hamcrest-library-1.3.jar:/home/lukasz-adm/.m2/repository/org/skyscreamer/jsonassert/1.4.0/jsonassert-1.4.0.jar:/home/lukasz-adm/.m2/repository/com/vaadin/external/google/android-json/0.0.20131108.vaadin1/android-json-0.0.20131108.vaadin1.jar:/home/lukasz-adm/.m2/repository/org/springframework/spring-core/4.3.12.RELEASE/spring-core-4.3.12.RELEASE.jar:/home/lukasz-adm/.m2/repository/org/springframework/spring-test/4.3.12.RELEASE/spring-test-4.3.12.RELEASE.jar:, java.specification.name=Java Platform API Specification, java.class.version=52.0, sun.management.compiler=HotSpot 64-Bit Tiered Compilers, os.version=4.10.0-38-generic, user.home=/home/lukasz-adm, user.timezone=Europe/Warsaw, java.awt.printerjob=sun.print.PSPrinterJob, file.encoding=UTF-8, java.specification.version=1.8, java.class.path=/home/lukasz-adm/workspace-prototypes/inferno-security-parent/inferno-security-interfaces-parent/inferno-security-rest-proxy/target/test-classes:/home/lukasz-adm/workspace-prototypes/inferno-security-parent/inferno-security-interfaces-parent/inferno-security-rest-proxy/target/classes:/home/lukasz-adm/.m2/repository/org/springframework/boot/spring-boot-starter-web/1.5.8.RELEASE/spring-boot-starter-web-1.5.8.RELEASE.jar:/home/lukasz-adm/.m2/repository/org/springframework/boot/spring-boot-starter/1.5.8.RELEASE/spring-boot-starter-1.5.8.RELEASE.jar:/home/lukasz-adm/.m2/repository/org/springframework/boot/spring-boot/1.5.8.RELEASE/spring-boot-1.5.8.RELEASE.jar:/home/lukasz-adm/.m2/repository/org/springframework/boot/spring-boot-autoconfigure/1.5.8.RELEASE/spring-boot-autoconfigure-1.5.8.RELEASE.jar:/home/lukasz-adm/.m2/repository/org/springframework/boot/spring-boot-starter-logging/1.5.8.RELEASE/spring-boot-starter-logging-1.5.8.RELEASE.jar:/home/lukasz-adm/.m2/repository/ch/qos/logback/logback-classic/1.1.11/logback-classic-1.1.11.jar:/home/lukasz-adm/.m2/repository/ch/qos/logback/logback-core/1.1.11/logback-core-1.1.11.jar:/home/lukasz-adm/.m2/repository/org/slf4j/jcl-over-slf4j/1.7.25/jcl-over-slf4j-1.7.25.jar:/home/lukasz-adm/.m2/repository/org/slf4j/jul-to-slf4j/1.7.25/jul-to-slf4j-1.7.25.jar:/home/lukasz-adm/.m2/repository/org/slf4j/log4j-over-slf4j/1.7.25/log4j-over-slf4j-1.7.25.jar:/home/lukasz-adm/.m2/repository/org/yaml/snakeyaml/1.17/snakeyaml-1.17.jar:/home/lukasz-adm/.m2/repository/org/springframework/boot/spring-boot-starter-tomcat/1.5.8.RELEASE/spring-boot-starter-tomcat-1.5.8.RELEASE.jar:/home/lukasz-adm/.m2/repository/org/apache/tomcat/embed/tomcat-embed-core/8.5.23/tomcat-embed-core-8.5.23.jar:/home/lukasz-adm/.m2/repository/org/apache/tomcat/tomcat-annotations-api/8.5.23/tomcat-annotations-api-8.5.23.jar:/home/lukasz-adm/.m2/repository/org/apache/tomcat/embed/tomcat-embed-el/8.5.23/tomcat-embed-el-8.5.23.jar:/home/lukasz-adm/.m2/repository/org/apache/tomcat/embed/tomcat-embed-websocket/8.5.23/tomcat-embed-websocket-8.5.23.jar:/home/lukasz-adm/.m2/repository/org/hibernate/hibernate-validator/5.3.5.Final/hibernate-validator-5.3.5.Final.jar:/home/lukasz-adm/.m2/repository/javax/validation/validation-api/1.1.0.Final/validation-api-1.1.0.Final.jar:/home/lukasz-adm/.m2/repository/org/jboss/logging/jboss-logging/3.3.1.Final/jboss-logging-3.3.1.Final.jar:/home/lukasz-adm/.m2/repository/com/fasterxml/classmate/1.3.4/classmate-1.3.4.jar:/home/lukasz-adm/.m2/repository/org/springframework/spring-web/4.3.12.RELEASE/spring-web-4.3.12.RELEASE.jar:/home/lukasz-adm/.m2/repository/org/springframework/spring-aop/4.3.12.RELEASE/spring-aop-4.3.12.RELEASE.jar:/home/lukasz-adm/.m2/repository/org/springframework/spring-beans/4.3.12.RELEASE/spring-beans-4.3.12.RELEASE.jar:/home/lukasz-adm/.m2/repository/org/springframework/spring-context/4.3.12.RELEASE/spring-context-4.3.12.RELEASE.jar:/home/lukasz-adm/.m2/repository/org/springframework/spring-webmvc/4.3.12.RELEASE/spring-webmvc-4.3.12.RELEASE.jar:/home/lukasz-adm/.m2/repository/org/springframework/spring-expression/4.3.12.RELEASE/spring-expression-4.3.12.RELEASE.jar:/home/lukasz-adm/.m2/repository/com/fasterxml/jackson/core/jackson-databind/2.8.5/jackson-databind-2.8.5.jar:/home/lukasz-adm/.m2/repository/com/fasterxml/jackson/core/jackson-annotations/2.8.0/jackson-annotations-2.8.0.jar:/home/lukasz-adm/.m2/repository/com/fasterxml/jackson/core/jackson-core/2.8.10/jackson-core-2.8.10.jar:/home/lukasz-adm/.m2/repository/com/fasterxml/jackson/datatype/jackson-datatype-jdk8/2.8.5/jackson-datatype-jdk8-2.8.5.jar:/home/lukasz-adm/.m2/repository/com/fasterxml/jackson/datatype/jackson-datatype-jsr310/2.8.5/jackson-datatype-jsr310-2.8.5.jar:/home/lukasz-adm/.m2/repository/org/springframework/boot/spring-boot-starter-test/1.5.8.RELEASE/spring-boot-starter-test-1.5.8.RELEASE.jar:/home/lukasz-adm/.m2/repository/org/springframework/boot/spring-boot-test/1.5.8.RELEASE/spring-boot-test-1.5.8.RELEASE.jar:/home/lukasz-adm/.m2/repository/org/springframework/boot/spring-boot-test-autoconfigure/1.5.8.RELEASE/spring-boot-test-autoconfigure-1.5.8.RELEASE.jar:/home/lukasz-adm/.m2/repository/com/jayway/jsonpath/json-path/2.2.0/json-path-2.2.0.jar:/home/lukasz-adm/.m2/repository/net/minidev/json-smart/2.2.1/json-smart-2.2.1.jar:/home/lukasz-adm/.m2/repository/net/minidev/accessors-smart/1.1/accessors-smart-1.1.jar:/home/lukasz-adm/.m2/repository/org/ow2/asm/asm/5.0.3/asm-5.0.3.jar:/home/lukasz-adm/.m2/repository/org/slf4j/slf4j-api/1.7.25/slf4j-api-1.7.25.jar:/home/lukasz-adm/.m2/repository/junit/junit/4.12/junit-4.12.jar:/home/lukasz-adm/.m2/repository/org/assertj/assertj-core/2.6.0/assertj-core-2.6.0.jar:/home/lukasz-adm/.m2/repository/org/mockito/mockito-core/1.10.19/mockito-core-1.10.19.jar:/home/lukasz-adm/.m2/repository/org/objenesis/objenesis/2.1/objenesis-2.1.jar:/home/lukasz-adm/.m2/repository/org/hamcrest/hamcrest-core/1.3/hamcrest-core-1.3.jar:/home/lukasz-adm/.m2/repository/org/hamcrest/hamcrest-library/1.3/hamcrest-library-1.3.jar:/home/lukasz-adm/.m2/repository/org/skyscreamer/jsonassert/1.4.0/jsonassert-1.4.0.jar:/home/lukasz-adm/.m2/repository/com/vaadin/external/google/android-json/0.0.20131108.vaadin1/android-json-0.0.20131108.vaadin1.jar:/home/lukasz-adm/.m2/repository/org/springframework/spring-core/4.3.12.RELEASE/spring-core-4.3.12.RELEASE.jar:/home/lukasz-adm/.m2/repository/org/springframework/spring-test/4.3.12.RELEASE/spring-test-4.3.12.RELEASE.jar:, user.name=lukasz-adm, java.vm.specification.version=1.8, sun.java.command=/home/lukasz-adm/workspace-prototypes/inferno-security-parent/inferno-security-interfaces-parent/inferno-security-rest-proxy/target/surefire/surefirebooter5741729620948628262.jar /home/lukasz-adm/workspace-prototypes/inferno-security-parent/inferno-security-interfaces-parent/inferno-security-rest-proxy/target/surefire/surefire8040870179221486013tmp /home/lukasz-adm/workspace-prototypes/inferno-security-parent/inferno-security-interfaces-parent/inferno-security-rest-proxy/target/surefire/surefire_13050996561133807610tmp, java.home=/usr/lib/jvm/java-8-oracle/jre, sun.arch.data.model=64, user.language=pl, java.specification.vendor=Oracle Corporation, awt.toolkit=sun.awt.X11.XToolkit, java.vm.info=mixed mode, java.version=1.8.0_144, java.ext.dirs=/usr/lib/jvm/java-8-oracle/jre/lib/ext:/usr/java/packages/lib/ext, sun.boot.class.path=/usr/lib/jvm/java-8-oracle/jre/lib/resources.jar:/usr/lib/jvm/java-8-oracle/jre/lib/rt.jar:/usr/lib/jvm/java-8-oracle/jre/lib/sunrsasign.jar:/usr/lib/jvm/java-8-oracle/jre/lib/jsse.jar:/usr/lib/jvm/java-8-oracle/jre/lib/jce.jar:/usr/lib/jvm/java-8-oracle/jre/lib/charsets.jar:/usr/lib/jvm/java-8-oracle/jre/lib/jfr.jar:/usr/lib/jvm/java-8-oracle/jre/classes, java.vendor=Oracle Corporation, localRepository=/home/lukasz-adm/.m2/repository, file.separator=/, java.vendor.url.bug=http://bugreport.sun.com/bugreport/, sun.io.unicode.encoding=UnicodeLittle, sun.cpu.endian=little, sun.desktop=gnome, sun.cpu.isalist=}}, SystemEnvironmentPropertySource@489279267 {name='systemEnvironment', properties={PATH=/home/lukasz-adm/bin:/home/lukasz-adm/.local/bin:/usr/local/sbin:/usr/local/bin:/usr/sbin:/usr/bin:/sbin:/bin:/usr/games:/usr/local/games:/snap/bin:/usr/lib/jvm/java-8-oracle/bin:/usr/lib/jvm/java-8-oracle/db/bin:/usr/lib/jvm/java-8-oracle/jre/bin:/etc/os-release:/usr/lib/jvm/java-8-oracle:/usr/lib/jvm/java-8-oracle/bin:/opt/spring-boot/spring-1.5.8.RELEASE:/opt/spring-boot/spring-1.5.8.RELEASE/bin:/opt/tomcat:/opt/tomcat/bin:/opt/sts-bundle/sts-3.9.1.RELEASE:/usr/share/maven:/etc/os-release:/etc/lsb-release, XAUTHORITY=/run/user/1000/gdm/Xauthority, LC_MEASUREMENT=pl_PL.UTF-8, LC_TELEPHONE=pl_PL.UTF-8, XMODIFIERS=@im=ibus, GDMSESSION=gnome-classic, XDG_DATA_DIRS=/usr/share/gnome-classic:/usr/share/gnome:/home/lukasz-adm/.local/share/flatpak/exports/share/:/var/lib/flatpak/exports/share/:/usr/local/share/:/usr/share/:/var/lib/snapd/desktop, MANDATORY_PATH=/usr/share/gconf/gnome-classic.mandatory.path, LC_TIME=pl_PL.UTF-8, PAPERSIZE=a4, GTK_IM_MODULE=ibus, BASH_IT=/opt/bash-it, DBUS_SESSION_BUS_ADDRESS=unix:path=/run/user/1000/bus, DEFAULTS_PATH=/usr/share/gconf/gnome-classic.default.path, XDG_CURRENT_DESKTOP=GNOME-Classic:GNOME, JOURNAL_STREAM=8:40826, MAVEN_HOME=/usr/share/maven, SSH_AGENT_PID=4490, BASH_IT_THEME=roderik, COLORTERM=truecolor, QT4_IM_MODULE=ibus, SESSION_MANAGER=local/ubuntu-server-01:@/tmp/.ICE-unix/4501,unix/ubuntu-server-01:/tmp/.ICE-unix/4501, QT_LINUX_ACCESSIBILITY_ALWAYS_ON=1, USERNAME=lukasz-adm, LC_PAPER=pl_PL.UTF-8, LOGNAME=lukasz-adm, PWD=/home/lukasz-adm/workspace-prototypes/inferno-security-parent/inferno-security-interfaces-parent/inferno-security-rest-proxy, DERBY_HOME=/usr/lib/jvm/java-8-oracle/db, LANGUAGE=pl_PL:en_US:en, GJS_DEBUG_TOPICS=JS ERROR;JS LOG, WINDOWID=79691782, LESSOPEN=| /usr/bin/lesspipe %s, SHELL=/bin/bash, LC_ADDRESS=pl_PL.UTF-8, J2SDKDIR=/usr/lib/jvm/java-8-oracle, OLDPWD=/home/lukasz-adm/workspace-prototypes/inferno-security-parent/inferno-security-interfaces-parent/inferno-security-rest-proxy, GNOME_DESKTOP_SESSION_ID=this-is-deprecated, GTK_MODULES=gail:atk-bridge, J2REDIR=/usr/lib/jvm/java-8-oracle/jre, CLUTTER_IM_MODULE=xim, SPRING_HOME=/opt/spring-boot/spring-1.5.8.RELEASE, OS_RELEASE=/etc/os-release, XDG_SESSION_DESKTOP=gnome-classic, SHLVL=3, GCC_COLORS=error=01;31:warning=01;35:note=01;36:caret=01;32:locus=01:quote=01, LC_IDENTIFICATION=pl_PL.UTF-8, LC_MONETARY=pl_PL.UTF-8, LESSCLOSE=/usr/bin/lesspipe %s %s, QT_IM_MODULE=ibus, JAVA_HOME=/usr/lib/jvm/java-8-oracle, TERM=xterm-256color, XDG_CONFIG_DIRS=/etc/xdg/xdg-gnome-classic:/etc/xdg:/usr/share/kubuntu-default-settings/kf5-settings, XFILESEARCHPATH=/usr/dt/app-defaults/%L/Dt, LANG=pl_PL.UTF-8, XDG_SESSION_TYPE=x11, XDG_SESSION_ID=4, DISPLAY=:0, DISTRO=Ubuntu, UDEdir=, ECLIPSE_HOME=/opt/sts-bundle/sts-3.9.1.RELEASE, LC_NAME=pl_PL.UTF-8, MAVEN_CMD_LINE_ARGS= clean install package, _=/usr/lib/jvm/java-8-oracle/jre/bin/java, CATALINA_HOME=/opt/tomcat, MAVEN_PROJECTBASEDIR=/home/lukasz-adm/workspace-prototypes/inferno-security-parent, DESKTOP_SESSION=gnome-classic, USER=lukasz-adm, XDG_MENU_PREFIX=gnome-, VTE_VERSION=4402, WINDOWPATH=2, QT_ACCESSIBILITY=1, LC_NUMERIC=pl_PL.UTF-8, GJS_DEBUG_OUTPUT=stderr, XDG_SEAT=seat0, SSH_AUTH_SOCK=/run/user/1000/keyring/ssh, NLSPATH=/usr/dt/lib/nls/msg/%L/%N.cat, GNOME_SHELL_SESSION_MODE=classic, XDG_RUNTIME_DIR=/run/user/1000, XDG_VTNR=2, HOME=/home/lukasz-adm}}]
11:37:44.209 [main] DEBUG org.springframework.core.io.support.PathMatchingResourcePatternResolver - Resolved classpath location [pl/inferno/security/] to resources [URL [file:/home/lukasz-adm/workspace-prototypes/inferno-security-parent/inferno-security-interfaces-parent/inferno-security-rest-proxy/target/test-classes/pl/inferno/security/], URL [file:/home/lukasz-adm/workspace-prototypes/inferno-security-parent/inferno-security-interfaces-parent/inferno-security-rest-proxy/target/classes/pl/inferno/security/]]
11:37:44.212 [main] DEBUG org.springframework.core.io.support.PathMatchingResourcePatternResolver - Looking for matching resources in directory tree [/home/lukasz-adm/workspace-prototypes/inferno-security-parent/inferno-security-interfaces-parent/inferno-security-rest-proxy/target/test-classes/pl/inferno/security]
11:37:44.213 [main] DEBUG org.springframework.core.io.support.PathMatchingResourcePatternResolver - Searching directory [/home/lukasz-adm/workspace-prototypes/inferno-security-parent/inferno-security-interfaces-parent/inferno-security-rest-proxy/target/test-classes/pl/inferno/security] for files matching pattern [/home/lukasz-adm/workspace-prototypes/inferno-security-parent/inferno-security-interfaces-parent/inferno-security-rest-proxy/target/test-classes/pl/inferno/security/*.class]
11:37:44.218 [main] DEBUG org.springframework.core.io.support.PathMatchingResourcePatternResolver - Looking for matching resources in directory tree [/home/lukasz-adm/workspace-prototypes/inferno-security-parent/inferno-security-interfaces-parent/inferno-security-rest-proxy/target/classes/pl/inferno/security]
11:37:44.218 [main] DEBUG org.springframework.core.io.support.PathMatchingResourcePatternResolver - Searching directory [/home/lukasz-adm/workspace-prototypes/inferno-security-parent/inferno-security-interfaces-parent/inferno-security-rest-proxy/target/classes/pl/inferno/security] for files matching pattern [/home/lukasz-adm/workspace-prototypes/inferno-security-parent/inferno-security-interfaces-parent/inferno-security-rest-proxy/target/classes/pl/inferno/security/*.class]
11:37:44.219 [main] DEBUG org.springframework.core.io.support.PathMatchingResourcePatternResolver - Resolved location pattern [classpath*:pl/inferno/security/*.class] to resources [file [/home/lukasz-adm/workspace-prototypes/inferno-security-parent/inferno-security-interfaces-parent/inferno-security-rest-proxy/target/test-classes/pl/inferno/security/InfernoRestProxyRunnerTest.class], file [/home/lukasz-adm/workspace-prototypes/inferno-security-parent/inferno-security-interfaces-parent/inferno-security-rest-proxy/target/classes/pl/inferno/security/InfernoRestProxyRunner.class]]
11:37:44.286 [main] DEBUG org.springframework.context.annotation.ClassPathScanningCandidateComponentProvider - Identified candidate component class: file [/home/lukasz-adm/workspace-prototypes/inferno-security-parent/inferno-security-interfaces-parent/inferno-security-rest-proxy/target/classes/pl/inferno/security/InfernoRestProxyRunner.class]
11:37:44.288 [main] INFO org.springframework.boot.test.context.SpringBootTestContextBootstrapper - Found @SpringBootConfiguration pl.inferno.security.InfernoRestProxyRunner for test class pl.inferno.security.InfernoRestProxyRunnerTest
11:37:44.292 [main] DEBUG org.springframework.boot.test.context.SpringBootTestContextBootstrapper - @TestExecutionListeners is not present for class [pl.inferno.security.InfernoRestProxyRunnerTest]: using defaults.
11:37:44.295 [main] INFO org.springframework.boot.test.context.SpringBootTestContextBootstrapper - Loaded default TestExecutionListener class names from location [META-INF/spring.factories]: [org.springframework.boot.test.mock.mockito.MockitoTestExecutionListener, org.springframework.boot.test.mock.mockito.ResetMocksTestExecutionListener, org.springframework.boot.test.autoconfigure.restdocs.RestDocsTestExecutionListener, org.springframework.boot.test.autoconfigure.web.client.MockRestServiceServerResetTestExecutionListener, org.springframework.boot.test.autoconfigure.web.servlet.MockMvcPrintOnlyOnFailureTestExecutionListener, org.springframework.boot.test.autoconfigure.web.servlet.WebDriverTestExecutionListener, org.springframework.test.context.web.ServletTestExecutionListener, org.springframework.test.context.support.DirtiesContextBeforeModesTestExecutionListener, org.springframework.test.context.support.DependencyInjectionTestExecutionListener, org.springframework.test.context.support.DirtiesContextTestExecutionListener, org.springframework.test.context.transaction.TransactionalTestExecutionListener, org.springframework.test.context.jdbc.SqlScriptsTestExecutionListener]
11:37:44.307 [main] INFO org.springframework.boot.test.context.SpringBootTestContextBootstrapper - Could not instantiate TestExecutionListener [org.springframework.test.context.transaction.TransactionalTestExecutionListener]. Specify custom listener classes or make the default listener classes (and their required dependencies) available. Offending class: [org/springframework/transaction/TransactionDefinition]
11:37:44.310 [main] INFO org.springframework.boot.test.context.SpringBootTestContextBootstrapper - Could not instantiate TestExecutionListener [org.springframework.test.context.jdbc.SqlScriptsTestExecutionListener]. Specify custom listener classes or make the default listener classes (and their required dependencies) available. Offending class: [org/springframework/transaction/interceptor/TransactionAttribute]
11:37:44.316 [main] INFO org.springframework.boot.test.context.SpringBootTestContextBootstrapper - Using TestExecutionListeners: [org.springframework.test.context.web.ServletTestExecutionListener@4f51b3e0, org.springframework.test.context.support.DirtiesContextBeforeModesTestExecutionListener@4b9e255, org.springframework.boot.test.autoconfigure.SpringBootDependencyInjectionTestExecutionListener@5e57643e, org.springframework.test.context.support.DirtiesContextTestExecutionListener@133e16fd, org.springframework.boot.test.autoconfigure.restdocs.RestDocsTestExecutionListener@51b279c9, org.springframework.boot.test.mock.mockito.ResetMocksTestExecutionListener@1ad282e0, org.springframework.boot.test.autoconfigure.web.servlet.MockMvcPrintOnlyOnFailureTestExecutionListener@7f416310, org.springframework.boot.test.mock.mockito.MockitoTestExecutionListener@1cab0bfb, org.springframework.boot.test.autoconfigure.web.client.MockRestServiceServerResetTestExecutionListener@5e955596, org.springframework.boot.test.autoconfigure.web.servlet.WebDriverTestExecutionListener@50de0926]
11:37:44.321 [main] DEBUG org.springframework.test.annotation.ProfileValueUtils - Retrieved @ProfileValueSourceConfiguration [null] for test class [pl.inferno.security.InfernoRestProxyRunnerTest]
11:37:44.322 [main] DEBUG org.springframework.test.annotation.ProfileValueUtils - Retrieved ProfileValueSource type [class org.springframework.test.annotation.SystemProfileValueSource] for class [pl.inferno.security.InfernoRestProxyRunnerTest]
11:37:44.326 [main] DEBUG org.springframework.test.context.junit4.SpringJUnit4ClassRunner - SpringJUnit4ClassRunner constructor called with [class pl.inferno.security.InfernoRestProxyRunnerTest]
11:37:44.327 [main] DEBUG org.springframework.test.context.BootstrapUtils - Instantiating CacheAwareContextLoaderDelegate from class [org.springframework.test.context.cache.DefaultCacheAwareContextLoaderDelegate]
11:37:44.327 [main] DEBUG org.springframework.test.context.BootstrapUtils - Instantiating BootstrapContext using constructor [public org.springframework.test.context.support.DefaultBootstrapContext(java.lang.Class,org.springframework.test.context.CacheAwareContextLoaderDelegate)]
11:37:44.328 [main] DEBUG org.springframework.test.context.BootstrapUtils - Instantiating TestContextBootstrapper for test class [pl.inferno.security.InfernoRestProxyRunnerTest] from class [org.springframework.boot.test.context.SpringBootTestContextBootstrapper]
11:37:44.328 [main] INFO org.springframework.boot.test.context.SpringBootTestContextBootstrapper - Neither @ContextConfiguration nor @ContextHierarchy found for test class [pl.inferno.security.InfernoRestProxyRunnerTest], using SpringBootContextLoader
11:37:44.329 [main] DEBUG org.springframework.test.context.support.AbstractContextLoader - Did not detect default resource location for test class [pl.inferno.security.InfernoRestProxyRunnerTest]: class path resource [pl/inferno/security/InfernoRestProxyRunnerTest-context.xml] does not exist
11:37:44.330 [main] DEBUG org.springframework.test.context.support.AbstractContextLoader - Did not detect default resource location for test class [pl.inferno.security.InfernoRestProxyRunnerTest]: class path resource [pl/inferno/security/InfernoRestProxyRunnerTestContext.groovy] does not exist
11:37:44.330 [main] INFO org.springframework.test.context.support.AbstractContextLoader - Could not detect default resource locations for test class [pl.inferno.security.InfernoRestProxyRunnerTest]: no resource found for suffixes {-context.xml, Context.groovy}.
11:37:44.330 [main] INFO org.springframework.test.context.support.AnnotationConfigContextLoaderUtils - Could not detect default configuration classes for test class [pl.inferno.security.InfernoRestProxyRunnerTest]: InfernoRestProxyRunnerTest does not declare any static, non-private, non-final, nested classes annotated with @Configuration.
11:37:44.339 [main] DEBUG org.springframework.test.context.support.ActiveProfilesUtils - Could not find an 'annotation declaring class' for annotation type [org.springframework.test.context.ActiveProfiles] and class [pl.inferno.security.InfernoRestProxyRunnerTest]
11:37:44.339 [main] DEBUG org.springframework.core.env.StandardEnvironment - Adding PropertySource 'systemProperties' with lowest search precedence
11:37:44.339 [main] DEBUG org.springframework.core.env.StandardEnvironment - Adding PropertySource 'systemEnvironment' with lowest search precedence
11:37:44.340 [main] DEBUG org.springframework.core.env.StandardEnvironment - Initialized StandardEnvironment with PropertySources [MapPropertySource@852445367 {name='systemProperties', properties={java.runtime.name=Java(TM) SE Runtime Environment, sun.boot.library.path=/usr/lib/jvm/java-8-oracle/jre/lib/amd64, java.vm.version=25.144-b01, java.vm.vendor=Oracle Corporation, java.vendor.url=http://java.oracle.com/, path.separator=:, java.vm.name=Java HotSpot(TM) 64-Bit Server VM, file.encoding.pkg=sun.io, user.country=PL, sun.java.launcher=SUN_STANDARD, sun.os.patch.level=unknown, java.vm.specification.name=Java Virtual Machine Specification, user.dir=/home/lukasz-adm/workspace-prototypes/inferno-security-parent/inferno-security-interfaces-parent/inferno-security-rest-proxy, java.runtime.version=1.8.0_144-b01, basedir=/home/lukasz-adm/workspace-prototypes/inferno-security-parent/inferno-security-interfaces-parent/inferno-security-rest-proxy, java.awt.graphicsenv=sun.awt.X11GraphicsEnvironment, java.endorsed.dirs=/usr/lib/jvm/java-8-oracle/jre/lib/endorsed, os.arch=amd64, surefire.real.class.path=/home/lukasz-adm/workspace-prototypes/inferno-security-parent/inferno-security-interfaces-parent/inferno-security-rest-proxy/target/surefire/surefirebooter5741729620948628262.jar, java.io.tmpdir=/tmp, line.separator=
, java.vm.specification.vendor=Oracle Corporation, os.name=Linux, sun.jnu.encoding=UTF-8, java.library.path=/usr/java/packages/lib/amd64:/usr/lib64:/lib64:/lib:/usr/lib, surefire.test.class.path=/home/lukasz-adm/workspace-prototypes/inferno-security-parent/inferno-security-interfaces-parent/inferno-security-rest-proxy/target/test-classes:/home/lukasz-adm/workspace-prototypes/inferno-security-parent/inferno-security-interfaces-parent/inferno-security-rest-proxy/target/classes:/home/lukasz-adm/.m2/repository/org/springframework/boot/spring-boot-starter-web/1.5.8.RELEASE/spring-boot-starter-web-1.5.8.RELEASE.jar:/home/lukasz-adm/.m2/repository/org/springframework/boot/spring-boot-starter/1.5.8.RELEASE/spring-boot-starter-1.5.8.RELEASE.jar:/home/lukasz-adm/.m2/repository/org/springframework/boot/spring-boot/1.5.8.RELEASE/spring-boot-1.5.8.RELEASE.jar:/home/lukasz-adm/.m2/repository/org/springframework/boot/spring-boot-autoconfigure/1.5.8.RELEASE/spring-boot-autoconfigure-1.5.8.RELEASE.jar:/home/lukasz-adm/.m2/repository/org/springframework/boot/spring-boot-starter-logging/1.5.8.RELEASE/spring-boot-starter-logging-1.5.8.RELEASE.jar:/home/lukasz-adm/.m2/repository/ch/qos/logback/logback-classic/1.1.11/logback-classic-1.1.11.jar:/home/lukasz-adm/.m2/repository/ch/qos/logback/logback-core/1.1.11/logback-core-1.1.11.jar:/home/lukasz-adm/.m2/repository/org/slf4j/jcl-over-slf4j/1.7.25/jcl-over-slf4j-1.7.25.jar:/home/lukasz-adm/.m2/repository/org/slf4j/jul-to-slf4j/1.7.25/jul-to-slf4j-1.7.25.jar:/home/lukasz-adm/.m2/repository/org/slf4j/log4j-over-slf4j/1.7.25/log4j-over-slf4j-1.7.25.jar:/home/lukasz-adm/.m2/repository/org/yaml/snakeyaml/1.17/snakeyaml-1.17.jar:/home/lukasz-adm/.m2/repository/org/springframework/boot/spring-boot-starter-tomcat/1.5.8.RELEASE/spring-boot-starter-tomcat-1.5.8.RELEASE.jar:/home/lukasz-adm/.m2/repository/org/apache/tomcat/embed/tomcat-embed-core/8.5.23/tomcat-embed-core-8.5.23.jar:/home/lukasz-adm/.m2/repository/org/apache/tomcat/tomcat-annotations-api/8.5.23/tomcat-annotations-api-8.5.23.jar:/home/lukasz-adm/.m2/repository/org/apache/tomcat/embed/tomcat-embed-el/8.5.23/tomcat-embed-el-8.5.23.jar:/home/lukasz-adm/.m2/repository/org/apache/tomcat/embed/tomcat-embed-websocket/8.5.23/tomcat-embed-websocket-8.5.23.jar:/home/lukasz-adm/.m2/repository/org/hibernate/hibernate-validator/5.3.5.Final/hibernate-validator-5.3.5.Final.jar:/home/lukasz-adm/.m2/repository/javax/validation/validation-api/1.1.0.Final/validation-api-1.1.0.Final.jar:/home/lukasz-adm/.m2/repository/org/jboss/logging/jboss-logging/3.3.1.Final/jboss-logging-3.3.1.Final.jar:/home/lukasz-adm/.m2/repository/com/fasterxml/classmate/1.3.4/classmate-1.3.4.jar:/home/lukasz-adm/.m2/repository/org/springframework/spring-web/4.3.12.RELEASE/spring-web-4.3.12.RELEASE.jar:/home/lukasz-adm/.m2/repository/org/springframework/spring-aop/4.3.12.RELEASE/spring-aop-4.3.12.RELEASE.jar:/home/lukasz-adm/.m2/repository/org/springframework/spring-beans/4.3.12.RELEASE/spring-beans-4.3.12.RELEASE.jar:/home/lukasz-adm/.m2/repository/org/springframework/spring-context/4.3.12.RELEASE/spring-context-4.3.12.RELEASE.jar:/home/lukasz-adm/.m2/repository/org/springframework/spring-webmvc/4.3.12.RELEASE/spring-webmvc-4.3.12.RELEASE.jar:/home/lukasz-adm/.m2/repository/org/springframework/spring-expression/4.3.12.RELEASE/spring-expression-4.3.12.RELEASE.jar:/home/lukasz-adm/.m2/repository/com/fasterxml/jackson/core/jackson-databind/2.8.5/jackson-databind-2.8.5.jar:/home/lukasz-adm/.m2/repository/com/fasterxml/jackson/core/jackson-annotations/2.8.0/jackson-annotations-2.8.0.jar:/home/lukasz-adm/.m2/repository/com/fasterxml/jackson/core/jackson-core/2.8.10/jackson-core-2.8.10.jar:/home/lukasz-adm/.m2/repository/com/fasterxml/jackson/datatype/jackson-datatype-jdk8/2.8.5/jackson-datatype-jdk8-2.8.5.jar:/home/lukasz-adm/.m2/repository/com/fasterxml/jackson/datatype/jackson-datatype-jsr310/2.8.5/jackson-datatype-jsr310-2.8.5.jar:/home/lukasz-adm/.m2/repository/org/springframework/boot/spring-boot-starter-test/1.5.8.RELEASE/spring-boot-starter-test-1.5.8.RELEASE.jar:/home/lukasz-adm/.m2/repository/org/springframework/boot/spring-boot-test/1.5.8.RELEASE/spring-boot-test-1.5.8.RELEASE.jar:/home/lukasz-adm/.m2/repository/org/springframework/boot/spring-boot-test-autoconfigure/1.5.8.RELEASE/spring-boot-test-autoconfigure-1.5.8.RELEASE.jar:/home/lukasz-adm/.m2/repository/com/jayway/jsonpath/json-path/2.2.0/json-path-2.2.0.jar:/home/lukasz-adm/.m2/repository/net/minidev/json-smart/2.2.1/json-smart-2.2.1.jar:/home/lukasz-adm/.m2/repository/net/minidev/accessors-smart/1.1/accessors-smart-1.1.jar:/home/lukasz-adm/.m2/repository/org/ow2/asm/asm/5.0.3/asm-5.0.3.jar:/home/lukasz-adm/.m2/repository/org/slf4j/slf4j-api/1.7.25/slf4j-api-1.7.25.jar:/home/lukasz-adm/.m2/repository/junit/junit/4.12/junit-4.12.jar:/home/lukasz-adm/.m2/repository/org/assertj/assertj-core/2.6.0/assertj-core-2.6.0.jar:/home/lukasz-adm/.m2/repository/org/mockito/mockito-core/1.10.19/mockito-core-1.10.19.jar:/home/lukasz-adm/.m2/repository/org/objenesis/objenesis/2.1/objenesis-2.1.jar:/home/lukasz-adm/.m2/repository/org/hamcrest/hamcrest-core/1.3/hamcrest-core-1.3.jar:/home/lukasz-adm/.m2/repository/org/hamcrest/hamcrest-library/1.3/hamcrest-library-1.3.jar:/home/lukasz-adm/.m2/repository/org/skyscreamer/jsonassert/1.4.0/jsonassert-1.4.0.jar:/home/lukasz-adm/.m2/repository/com/vaadin/external/google/android-json/0.0.20131108.vaadin1/android-json-0.0.20131108.vaadin1.jar:/home/lukasz-adm/.m2/repository/org/springframework/spring-core/4.3.12.RELEASE/spring-core-4.3.12.RELEASE.jar:/home/lukasz-adm/.m2/repository/org/springframework/spring-test/4.3.12.RELEASE/spring-test-4.3.12.RELEASE.jar:, java.specification.name=Java Platform API Specification, java.class.version=52.0, sun.management.compiler=HotSpot 64-Bit Tiered Compilers, os.version=4.10.0-38-generic, user.home=/home/lukasz-adm, user.timezone=Europe/Warsaw, java.awt.printerjob=sun.print.PSPrinterJob, file.encoding=UTF-8, java.specification.version=1.8, java.class.path=/home/lukasz-adm/workspace-prototypes/inferno-security-parent/inferno-security-interfaces-parent/inferno-security-rest-proxy/target/test-classes:/home/lukasz-adm/workspace-prototypes/inferno-security-parent/inferno-security-interfaces-parent/inferno-security-rest-proxy/target/classes:/home/lukasz-adm/.m2/repository/org/springframework/boot/spring-boot-starter-web/1.5.8.RELEASE/spring-boot-starter-web-1.5.8.RELEASE.jar:/home/lukasz-adm/.m2/repository/org/springframework/boot/spring-boot-starter/1.5.8.RELEASE/spring-boot-starter-1.5.8.RELEASE.jar:/home/lukasz-adm/.m2/repository/org/springframework/boot/spring-boot/1.5.8.RELEASE/spring-boot-1.5.8.RELEASE.jar:/home/lukasz-adm/.m2/repository/org/springframework/boot/spring-boot-autoconfigure/1.5.8.RELEASE/spring-boot-autoconfigure-1.5.8.RELEASE.jar:/home/lukasz-adm/.m2/repository/org/springframework/boot/spring-boot-starter-logging/1.5.8.RELEASE/spring-boot-starter-logging-1.5.8.RELEASE.jar:/home/lukasz-adm/.m2/repository/ch/qos/logback/logback-classic/1.1.11/logback-classic-1.1.11.jar:/home/lukasz-adm/.m2/repository/ch/qos/logback/logback-core/1.1.11/logback-core-1.1.11.jar:/home/lukasz-adm/.m2/repository/org/slf4j/jcl-over-slf4j/1.7.25/jcl-over-slf4j-1.7.25.jar:/home/lukasz-adm/.m2/repository/org/slf4j/jul-to-slf4j/1.7.25/jul-to-slf4j-1.7.25.jar:/home/lukasz-adm/.m2/repository/org/slf4j/log4j-over-slf4j/1.7.25/log4j-over-slf4j-1.7.25.jar:/home/lukasz-adm/.m2/repository/org/yaml/snakeyaml/1.17/snakeyaml-1.17.jar:/home/lukasz-adm/.m2/repository/org/springframework/boot/spring-boot-starter-tomcat/1.5.8.RELEASE/spring-boot-starter-tomcat-1.5.8.RELEASE.jar:/home/lukasz-adm/.m2/repository/org/apache/tomcat/embed/tomcat-embed-core/8.5.23/tomcat-embed-core-8.5.23.jar:/home/lukasz-adm/.m2/repository/org/apache/tomcat/tomcat-annotations-api/8.5.23/tomcat-annotations-api-8.5.23.jar:/home/lukasz-adm/.m2/repository/org/apache/tomcat/embed/tomcat-embed-el/8.5.23/tomcat-embed-el-8.5.23.jar:/home/lukasz-adm/.m2/repository/org/apache/tomcat/embed/tomcat-embed-websocket/8.5.23/tomcat-embed-websocket-8.5.23.jar:/home/lukasz-adm/.m2/repository/org/hibernate/hibernate-validator/5.3.5.Final/hibernate-validator-5.3.5.Final.jar:/home/lukasz-adm/.m2/repository/javax/validation/validation-api/1.1.0.Final/validation-api-1.1.0.Final.jar:/home/lukasz-adm/.m2/repository/org/jboss/logging/jboss-logging/3.3.1.Final/jboss-logging-3.3.1.Final.jar:/home/lukasz-adm/.m2/repository/com/fasterxml/classmate/1.3.4/classmate-1.3.4.jar:/home/lukasz-adm/.m2/repository/org/springframework/spring-web/4.3.12.RELEASE/spring-web-4.3.12.RELEASE.jar:/home/lukasz-adm/.m2/repository/org/springframework/spring-aop/4.3.12.RELEASE/spring-aop-4.3.12.RELEASE.jar:/home/lukasz-adm/.m2/repository/org/springframework/spring-beans/4.3.12.RELEASE/spring-beans-4.3.12.RELEASE.jar:/home/lukasz-adm/.m2/repository/org/springframework/spring-context/4.3.12.RELEASE/spring-context-4.3.12.RELEASE.jar:/home/lukasz-adm/.m2/repository/org/springframework/spring-webmvc/4.3.12.RELEASE/spring-webmvc-4.3.12.RELEASE.jar:/home/lukasz-adm/.m2/repository/org/springframework/spring-expression/4.3.12.RELEASE/spring-expression-4.3.12.RELEASE.jar:/home/lukasz-adm/.m2/repository/com/fasterxml/jackson/core/jackson-databind/2.8.5/jackson-databind-2.8.5.jar:/home/lukasz-adm/.m2/repository/com/fasterxml/jackson/core/jackson-annotations/2.8.0/jackson-annotations-2.8.0.jar:/home/lukasz-adm/.m2/repository/com/fasterxml/jackson/core/jackson-core/2.8.10/jackson-core-2.8.10.jar:/home/lukasz-adm/.m2/repository/com/fasterxml/jackson/datatype/jackson-datatype-jdk8/2.8.5/jackson-datatype-jdk8-2.8.5.jar:/home/lukasz-adm/.m2/repository/com/fasterxml/jackson/datatype/jackson-datatype-jsr310/2.8.5/jackson-datatype-jsr310-2.8.5.jar:/home/lukasz-adm/.m2/repository/org/springframework/boot/spring-boot-starter-test/1.5.8.RELEASE/spring-boot-starter-test-1.5.8.RELEASE.jar:/home/lukasz-adm/.m2/repository/org/springframework/boot/spring-boot-test/1.5.8.RELEASE/spring-boot-test-1.5.8.RELEASE.jar:/home/lukasz-adm/.m2/repository/org/springframework/boot/spring-boot-test-autoconfigure/1.5.8.RELEASE/spring-boot-test-autoconfigure-1.5.8.RELEASE.jar:/home/lukasz-adm/.m2/repository/com/jayway/jsonpath/json-path/2.2.0/json-path-2.2.0.jar:/home/lukasz-adm/.m2/repository/net/minidev/json-smart/2.2.1/json-smart-2.2.1.jar:/home/lukasz-adm/.m2/repository/net/minidev/accessors-smart/1.1/accessors-smart-1.1.jar:/home/lukasz-adm/.m2/repository/org/ow2/asm/asm/5.0.3/asm-5.0.3.jar:/home/lukasz-adm/.m2/repository/org/slf4j/slf4j-api/1.7.25/slf4j-api-1.7.25.jar:/home/lukasz-adm/.m2/repository/junit/junit/4.12/junit-4.12.jar:/home/lukasz-adm/.m2/repository/org/assertj/assertj-core/2.6.0/assertj-core-2.6.0.jar:/home/lukasz-adm/.m2/repository/org/mockito/mockito-core/1.10.19/mockito-core-1.10.19.jar:/home/lukasz-adm/.m2/repository/org/objenesis/objenesis/2.1/objenesis-2.1.jar:/home/lukasz-adm/.m2/repository/org/hamcrest/hamcrest-core/1.3/hamcrest-core-1.3.jar:/home/lukasz-adm/.m2/repository/org/hamcrest/hamcrest-library/1.3/hamcrest-library-1.3.jar:/home/lukasz-adm/.m2/repository/org/skyscreamer/jsonassert/1.4.0/jsonassert-1.4.0.jar:/home/lukasz-adm/.m2/repository/com/vaadin/external/google/android-json/0.0.20131108.vaadin1/android-json-0.0.20131108.vaadin1.jar:/home/lukasz-adm/.m2/repository/org/springframework/spring-core/4.3.12.RELEASE/spring-core-4.3.12.RELEASE.jar:/home/lukasz-adm/.m2/repository/org/springframework/spring-test/4.3.12.RELEASE/spring-test-4.3.12.RELEASE.jar:, user.name=lukasz-adm, java.vm.specification.version=1.8, sun.java.command=/home/lukasz-adm/workspace-prototypes/inferno-security-parent/inferno-security-interfaces-parent/inferno-security-rest-proxy/target/surefire/surefirebooter5741729620948628262.jar /home/lukasz-adm/workspace-prototypes/inferno-security-parent/inferno-security-interfaces-parent/inferno-security-rest-proxy/target/surefire/surefire8040870179221486013tmp /home/lukasz-adm/workspace-prototypes/inferno-security-parent/inferno-security-interfaces-parent/inferno-security-rest-proxy/target/surefire/surefire_13050996561133807610tmp, java.home=/usr/lib/jvm/java-8-oracle/jre, sun.arch.data.model=64, user.language=pl, java.specification.vendor=Oracle Corporation, awt.toolkit=sun.awt.X11.XToolkit, java.vm.info=mixed mode, java.version=1.8.0_144, java.ext.dirs=/usr/lib/jvm/java-8-oracle/jre/lib/ext:/usr/java/packages/lib/ext, sun.boot.class.path=/usr/lib/jvm/java-8-oracle/jre/lib/resources.jar:/usr/lib/jvm/java-8-oracle/jre/lib/rt.jar:/usr/lib/jvm/java-8-oracle/jre/lib/sunrsasign.jar:/usr/lib/jvm/java-8-oracle/jre/lib/jsse.jar:/usr/lib/jvm/java-8-oracle/jre/lib/jce.jar:/usr/lib/jvm/java-8-oracle/jre/lib/charsets.jar:/usr/lib/jvm/java-8-oracle/jre/lib/jfr.jar:/usr/lib/jvm/java-8-oracle/jre/classes, java.vendor=Oracle Corporation, localRepository=/home/lukasz-adm/.m2/repository, file.separator=/, java.vendor.url.bug=http://bugreport.sun.com/bugreport/, sun.io.unicode.encoding=UnicodeLittle, sun.cpu.endian=little, sun.desktop=gnome, sun.cpu.isalist=}}, SystemEnvironmentPropertySource@1738236591 {name='systemEnvironment', properties={PATH=/home/lukasz-adm/bin:/home/lukasz-adm/.local/bin:/usr/local/sbin:/usr/local/bin:/usr/sbin:/usr/bin:/sbin:/bin:/usr/games:/usr/local/games:/snap/bin:/usr/lib/jvm/java-8-oracle/bin:/usr/lib/jvm/java-8-oracle/db/bin:/usr/lib/jvm/java-8-oracle/jre/bin:/etc/os-release:/usr/lib/jvm/java-8-oracle:/usr/lib/jvm/java-8-oracle/bin:/opt/spring-boot/spring-1.5.8.RELEASE:/opt/spring-boot/spring-1.5.8.RELEASE/bin:/opt/tomcat:/opt/tomcat/bin:/opt/sts-bundle/sts-3.9.1.RELEASE:/usr/share/maven:/etc/os-release:/etc/lsb-release, XAUTHORITY=/run/user/1000/gdm/Xauthority, LC_MEASUREMENT=pl_PL.UTF-8, LC_TELEPHONE=pl_PL.UTF-8, XMODIFIERS=@im=ibus, GDMSESSION=gnome-classic, XDG_DATA_DIRS=/usr/share/gnome-classic:/usr/share/gnome:/home/lukasz-adm/.local/share/flatpak/exports/share/:/var/lib/flatpak/exports/share/:/usr/local/share/:/usr/share/:/var/lib/snapd/desktop, MANDATORY_PATH=/usr/share/gconf/gnome-classic.mandatory.path, LC_TIME=pl_PL.UTF-8, PAPERSIZE=a4, GTK_IM_MODULE=ibus, BASH_IT=/opt/bash-it, DBUS_SESSION_BUS_ADDRESS=unix:path=/run/user/1000/bus, DEFAULTS_PATH=/usr/share/gconf/gnome-classic.default.path, XDG_CURRENT_DESKTOP=GNOME-Classic:GNOME, JOURNAL_STREAM=8:40826, MAVEN_HOME=/usr/share/maven, SSH_AGENT_PID=4490, BASH_IT_THEME=roderik, COLORTERM=truecolor, QT4_IM_MODULE=ibus, SESSION_MANAGER=local/ubuntu-server-01:@/tmp/.ICE-unix/4501,unix/ubuntu-server-01:/tmp/.ICE-unix/4501, QT_LINUX_ACCESSIBILITY_ALWAYS_ON=1, USERNAME=lukasz-adm, LC_PAPER=pl_PL.UTF-8, LOGNAME=lukasz-adm, PWD=/home/lukasz-adm/workspace-prototypes/inferno-security-parent/inferno-security-interfaces-parent/inferno-security-rest-proxy, DERBY_HOME=/usr/lib/jvm/java-8-oracle/db, LANGUAGE=pl_PL:en_US:en, GJS_DEBUG_TOPICS=JS ERROR;JS LOG, WINDOWID=79691782, LESSOPEN=| /usr/bin/lesspipe %s, SHELL=/bin/bash, LC_ADDRESS=pl_PL.UTF-8, J2SDKDIR=/usr/lib/jvm/java-8-oracle, OLDPWD=/home/lukasz-adm/workspace-prototypes/inferno-security-parent/inferno-security-interfaces-parent/inferno-security-rest-proxy, GNOME_DESKTOP_SESSION_ID=this-is-deprecated, GTK_MODULES=gail:atk-bridge, J2REDIR=/usr/lib/jvm/java-8-oracle/jre, CLUTTER_IM_MODULE=xim, SPRING_HOME=/opt/spring-boot/spring-1.5.8.RELEASE, OS_RELEASE=/etc/os-release, XDG_SESSION_DESKTOP=gnome-classic, SHLVL=3, GCC_COLORS=error=01;31:warning=01;35:note=01;36:caret=01;32:locus=01:quote=01, LC_IDENTIFICATION=pl_PL.UTF-8, LC_MONETARY=pl_PL.UTF-8, LESSCLOSE=/usr/bin/lesspipe %s %s, QT_IM_MODULE=ibus, JAVA_HOME=/usr/lib/jvm/java-8-oracle, TERM=xterm-256color, XDG_CONFIG_DIRS=/etc/xdg/xdg-gnome-classic:/etc/xdg:/usr/share/kubuntu-default-settings/kf5-settings, XFILESEARCHPATH=/usr/dt/app-defaults/%L/Dt, LANG=pl_PL.UTF-8, XDG_SESSION_TYPE=x11, XDG_SESSION_ID=4, DISPLAY=:0, DISTRO=Ubuntu, UDEdir=, ECLIPSE_HOME=/opt/sts-bundle/sts-3.9.1.RELEASE, LC_NAME=pl_PL.UTF-8, MAVEN_CMD_LINE_ARGS= clean install package, _=/usr/lib/jvm/java-8-oracle/jre/bin/java, CATALINA_HOME=/opt/tomcat, MAVEN_PROJECTBASEDIR=/home/lukasz-adm/workspace-prototypes/inferno-security-parent, DESKTOP_SESSION=gnome-classic, USER=lukasz-adm, XDG_MENU_PREFIX=gnome-, VTE_VERSION=4402, WINDOWPATH=2, QT_ACCESSIBILITY=1, LC_NUMERIC=pl_PL.UTF-8, GJS_DEBUG_OUTPUT=stderr, XDG_SEAT=seat0, SSH_AUTH_SOCK=/run/user/1000/keyring/ssh, NLSPATH=/usr/dt/lib/nls/msg/%L/%N.cat, GNOME_SHELL_SESSION_MODE=classic, XDG_RUNTIME_DIR=/run/user/1000, XDG_VTNR=2, HOME=/home/lukasz-adm}}]
11:37:44.341 [main] INFO org.springframework.boot.test.context.SpringBootTestContextBootstrapper - Found @SpringBootConfiguration pl.inferno.security.InfernoRestProxyRunner for test class pl.inferno.security.InfernoRestProxyRunnerTest
11:37:44.346 [main] DEBUG org.springframework.boot.test.context.SpringBootTestContextBootstrapper - @TestExecutionListeners is not present for class [pl.inferno.security.InfernoRestProxyRunnerTest]: using defaults.
11:37:44.349 [main] INFO org.springframework.boot.test.context.SpringBootTestContextBootstrapper - Loaded default TestExecutionListener class names from location [META-INF/spring.factories]: [org.springframework.boot.test.mock.mockito.MockitoTestExecutionListener, org.springframework.boot.test.mock.mockito.ResetMocksTestExecutionListener, org.springframework.boot.test.autoconfigure.restdocs.RestDocsTestExecutionListener, org.springframework.boot.test.autoconfigure.web.client.MockRestServiceServerResetTestExecutionListener, org.springframework.boot.test.autoconfigure.web.servlet.MockMvcPrintOnlyOnFailureTestExecutionListener, org.springframework.boot.test.autoconfigure.web.servlet.WebDriverTestExecutionListener, org.springframework.test.context.web.ServletTestExecutionListener, org.springframework.test.context.support.DirtiesContextBeforeModesTestExecutionListener, org.springframework.test.context.support.DependencyInjectionTestExecutionListener, org.springframework.test.context.support.DirtiesContextTestExecutionListener, org.springframework.test.context.transaction.TransactionalTestExecutionListener, org.springframework.test.context.jdbc.SqlScriptsTestExecutionListener]
11:37:44.352 [main] INFO org.springframework.boot.test.context.SpringBootTestContextBootstrapper - Could not instantiate TestExecutionListener [org.springframework.test.context.transaction.TransactionalTestExecutionListener]. Specify custom listener classes or make the default listener classes (and their required dependencies) available. Offending class: [org/springframework/transaction/TransactionDefinition]
11:37:44.354 [main] INFO org.springframework.boot.test.context.SpringBootTestContextBootstrapper - Could not instantiate TestExecutionListener [org.springframework.test.context.jdbc.SqlScriptsTestExecutionListener]. Specify custom listener classes or make the default listener classes (and their required dependencies) available. Offending class: [org/springframework/transaction/interceptor/TransactionAttribute]
11:37:44.354 [main] INFO org.springframework.boot.test.context.SpringBootTestContextBootstrapper - Using TestExecutionListeners: [org.springframework.test.context.web.ServletTestExecutionListener@25359ed8, org.springframework.test.context.support.DirtiesContextBeforeModesTestExecutionListener@21a947fe, org.springframework.boot.test.autoconfigure.SpringBootDependencyInjectionTestExecutionListener@5606c0b, org.springframework.test.context.support.DirtiesContextTestExecutionListener@80ec1f8, org.springframework.boot.test.autoconfigure.restdocs.RestDocsTestExecutionListener@1445d7f, org.springframework.boot.test.mock.mockito.ResetMocksTestExecutionListener@6a396c1e, org.springframework.boot.test.autoconfigure.web.servlet.MockMvcPrintOnlyOnFailureTestExecutionListener@6c3f5566, org.springframework.boot.test.mock.mockito.MockitoTestExecutionListener@12405818, org.springframework.boot.test.autoconfigure.web.client.MockRestServiceServerResetTestExecutionListener@314c508a, org.springframework.boot.test.autoconfigure.web.servlet.WebDriverTestExecutionListener@10b48321]
11:37:44.355 [main] DEBUG org.springframework.test.annotation.ProfileValueUtils - Retrieved @ProfileValueSourceConfiguration [null] for test class [pl.inferno.security.InfernoRestProxyRunnerTest]
11:37:44.355 [main] DEBUG org.springframework.test.annotation.ProfileValueUtils - Retrieved ProfileValueSource type [class org.springframework.test.annotation.SystemProfileValueSource] for class [pl.inferno.security.InfernoRestProxyRunnerTest]
11:37:44.356 [main] DEBUG org.springframework.test.annotation.ProfileValueUtils - Retrieved @ProfileValueSourceConfiguration [null] for test class [pl.inferno.security.InfernoRestProxyRunnerTest]
11:37:44.356 [main] DEBUG org.springframework.test.annotation.ProfileValueUtils - Retrieved ProfileValueSource type [class org.springframework.test.annotation.SystemProfileValueSource] for class [pl.inferno.security.InfernoRestProxyRunnerTest]
11:37:44.362 [main] DEBUG org.springframework.test.context.support.AbstractDirtiesContextTestExecutionListener - Before test class: context [DefaultTestContext@1e9e725a testClass = InfernoRestProxyRunnerTest, testInstance = [null], testMethod = [null], testException = [null], mergedContextConfiguration = [WebMergedContextConfiguration@15d9bc04 testClass = InfernoRestProxyRunnerTest, locations = '{}', classes = '{class pl.inferno.security.InfernoRestProxyRunner}', contextInitializerClasses = '[]', activeProfiles = '{}', propertySourceLocations = '{}', propertySourceProperties = '{org.springframework.boot.test.context.SpringBootTestContextBootstrapper=true, server.port=0}', contextCustomizers = set[org.springframework.boot.test.context.SpringBootTestContextCustomizer@6536e911, org.springframework.boot.test.context.filter.ExcludeFilterContextCustomizer@3e9b1010, org.springframework.boot.test.json.DuplicateJsonObjectContextCustomizerFactory$DuplicateJsonObjectContextCustomizer@185d8b6, org.springframework.boot.test.mock.mockito.MockitoContextCustomizer@0, org.springframework.boot.test.autoconfigure.properties.PropertyMappingContextCustomizer@0, org.springframework.boot.test.autoconfigure.web.servlet.WebDriverContextCustomizerFactory$Customizer@1dfe2924], resourceBasePath = 'src/main/webapp', contextLoader = 'org.springframework.boot.test.context.SpringBootContextLoader', parent = [null]]], class annotated with @DirtiesContext [false] with mode [null].
11:37:44.363 [main] DEBUG org.springframework.test.annotation.ProfileValueUtils - Retrieved @ProfileValueSourceConfiguration [null] for test class [pl.inferno.security.InfernoRestProxyRunnerTest]
11:37:44.363 [main] DEBUG org.springframework.test.annotation.ProfileValueUtils - Retrieved ProfileValueSource type [class org.springframework.test.annotation.SystemProfileValueSource] for class [pl.inferno.security.InfernoRestProxyRunnerTest]
11:37:44.365 [main] DEBUG org.springframework.test.context.support.DependencyInjectionTestExecutionListener - Performing dependency injection for test context [[DefaultTestContext@1e9e725a testClass = InfernoRestProxyRunnerTest, testInstance = pl.inferno.security.InfernoRestProxyRunnerTest@62bd765, testMethod = [null], testException = [null], mergedContextConfiguration = [WebMergedContextConfiguration@15d9bc04 testClass = InfernoRestProxyRunnerTest, locations = '{}', classes = '{class pl.inferno.security.InfernoRestProxyRunner}', contextInitializerClasses = '[]', activeProfiles = '{}', propertySourceLocations = '{}', propertySourceProperties = '{org.springframework.boot.test.context.SpringBootTestContextBootstrapper=true, server.port=0}', contextCustomizers = set[org.springframework.boot.test.context.SpringBootTestContextCustomizer@6536e911, org.springframework.boot.test.context.filter.ExcludeFilterContextCustomizer@3e9b1010, org.springframework.boot.test.json.DuplicateJsonObjectContextCustomizerFactory$DuplicateJsonObjectContextCustomizer@185d8b6, org.springframework.boot.test.mock.mockito.MockitoContextCustomizer@0, org.springframework.boot.test.autoconfigure.properties.PropertyMappingContextCustomizer@0, org.springframework.boot.test.autoconfigure.web.servlet.WebDriverContextCustomizerFactory$Customizer@1dfe2924], resourceBasePath = 'src/main/webapp', contextLoader = 'org.springframework.boot.test.context.SpringBootContextLoader', parent = [null]]]].
11:37:44.429 [main] DEBUG org.springframework.core.env.StandardEnvironment - Adding PropertySource 'systemProperties' with lowest search precedence
11:37:44.429 [main] DEBUG org.springframework.core.env.StandardEnvironment - Adding PropertySource 'systemEnvironment' with lowest search precedence
11:37:44.430 [main] DEBUG org.springframework.core.env.StandardEnvironment - Initialized StandardEnvironment with PropertySources [MapPropertySource@1318180415 {name='systemProperties', properties={java.runtime.name=Java(TM) SE Runtime Environment, sun.boot.library.path=/usr/lib/jvm/java-8-oracle/jre/lib/amd64, java.vm.version=25.144-b01, java.vm.vendor=Oracle Corporation, java.vendor.url=http://java.oracle.com/, path.separator=:, java.vm.name=Java HotSpot(TM) 64-Bit Server VM, file.encoding.pkg=sun.io, user.country=PL, sun.java.launcher=SUN_STANDARD, sun.os.patch.level=unknown, java.vm.specification.name=Java Virtual Machine Specification, user.dir=/home/lukasz-adm/workspace-prototypes/inferno-security-parent/inferno-security-interfaces-parent/inferno-security-rest-proxy, java.runtime.version=1.8.0_144-b01, basedir=/home/lukasz-adm/workspace-prototypes/inferno-security-parent/inferno-security-interfaces-parent/inferno-security-rest-proxy, java.awt.graphicsenv=sun.awt.X11GraphicsEnvironment, java.endorsed.dirs=/usr/lib/jvm/java-8-oracle/jre/lib/endorsed, os.arch=amd64, surefire.real.class.path=/home/lukasz-adm/workspace-prototypes/inferno-security-parent/inferno-security-interfaces-parent/inferno-security-rest-proxy/target/surefire/surefirebooter5741729620948628262.jar, java.io.tmpdir=/tmp, line.separator=
, java.vm.specification.vendor=Oracle Corporation, os.name=Linux, sun.jnu.encoding=UTF-8, java.library.path=/usr/java/packages/lib/amd64:/usr/lib64:/lib64:/lib:/usr/lib, surefire.test.class.path=/home/lukasz-adm/workspace-prototypes/inferno-security-parent/inferno-security-interfaces-parent/inferno-security-rest-proxy/target/test-classes:/home/lukasz-adm/workspace-prototypes/inferno-security-parent/inferno-security-interfaces-parent/inferno-security-rest-proxy/target/classes:/home/lukasz-adm/.m2/repository/org/springframework/boot/spring-boot-starter-web/1.5.8.RELEASE/spring-boot-starter-web-1.5.8.RELEASE.jar:/home/lukasz-adm/.m2/repository/org/springframework/boot/spring-boot-starter/1.5.8.RELEASE/spring-boot-starter-1.5.8.RELEASE.jar:/home/lukasz-adm/.m2/repository/org/springframework/boot/spring-boot/1.5.8.RELEASE/spring-boot-1.5.8.RELEASE.jar:/home/lukasz-adm/.m2/repository/org/springframework/boot/spring-boot-autoconfigure/1.5.8.RELEASE/spring-boot-autoconfigure-1.5.8.RELEASE.jar:/home/lukasz-adm/.m2/repository/org/springframework/boot/spring-boot-starter-logging/1.5.8.RELEASE/spring-boot-starter-logging-1.5.8.RELEASE.jar:/home/lukasz-adm/.m2/repository/ch/qos/logback/logback-classic/1.1.11/logback-classic-1.1.11.jar:/home/lukasz-adm/.m2/repository/ch/qos/logback/logback-core/1.1.11/logback-core-1.1.11.jar:/home/lukasz-adm/.m2/repository/org/slf4j/jcl-over-slf4j/1.7.25/jcl-over-slf4j-1.7.25.jar:/home/lukasz-adm/.m2/repository/org/slf4j/jul-to-slf4j/1.7.25/jul-to-slf4j-1.7.25.jar:/home/lukasz-adm/.m2/repository/org/slf4j/log4j-over-slf4j/1.7.25/log4j-over-slf4j-1.7.25.jar:/home/lukasz-adm/.m2/repository/org/yaml/snakeyaml/1.17/snakeyaml-1.17.jar:/home/lukasz-adm/.m2/repository/org/springframework/boot/spring-boot-starter-tomcat/1.5.8.RELEASE/spring-boot-starter-tomcat-1.5.8.RELEASE.jar:/home/lukasz-adm/.m2/repository/org/apache/tomcat/embed/tomcat-embed-core/8.5.23/tomcat-embed-core-8.5.23.jar:/home/lukasz-adm/.m2/repository/org/apache/tomcat/tomcat-annotations-api/8.5.23/tomcat-annotations-api-8.5.23.jar:/home/lukasz-adm/.m2/repository/org/apache/tomcat/embed/tomcat-embed-el/8.5.23/tomcat-embed-el-8.5.23.jar:/home/lukasz-adm/.m2/repository/org/apache/tomcat/embed/tomcat-embed-websocket/8.5.23/tomcat-embed-websocket-8.5.23.jar:/home/lukasz-adm/.m2/repository/org/hibernate/hibernate-validator/5.3.5.Final/hibernate-validator-5.3.5.Final.jar:/home/lukasz-adm/.m2/repository/javax/validation/validation-api/1.1.0.Final/validation-api-1.1.0.Final.jar:/home/lukasz-adm/.m2/repository/org/jboss/logging/jboss-logging/3.3.1.Final/jboss-logging-3.3.1.Final.jar:/home/lukasz-adm/.m2/repository/com/fasterxml/classmate/1.3.4/classmate-1.3.4.jar:/home/lukasz-adm/.m2/repository/org/springframework/spring-web/4.3.12.RELEASE/spring-web-4.3.12.RELEASE.jar:/home/lukasz-adm/.m2/repository/org/springframework/spring-aop/4.3.12.RELEASE/spring-aop-4.3.12.RELEASE.jar:/home/lukasz-adm/.m2/repository/org/springframework/spring-beans/4.3.12.RELEASE/spring-beans-4.3.12.RELEASE.jar:/home/lukasz-adm/.m2/repository/org/springframework/spring-context/4.3.12.RELEASE/spring-context-4.3.12.RELEASE.jar:/home/lukasz-adm/.m2/repository/org/springframework/spring-webmvc/4.3.12.RELEASE/spring-webmvc-4.3.12.RELEASE.jar:/home/lukasz-adm/.m2/repository/org/springframework/spring-expression/4.3.12.RELEASE/spring-expression-4.3.12.RELEASE.jar:/home/lukasz-adm/.m2/repository/com/fasterxml/jackson/core/jackson-databind/2.8.5/jackson-databind-2.8.5.jar:/home/lukasz-adm/.m2/repository/com/fasterxml/jackson/core/jackson-annotations/2.8.0/jackson-annotations-2.8.0.jar:/home/lukasz-adm/.m2/repository/com/fasterxml/jackson/core/jackson-core/2.8.10/jackson-core-2.8.10.jar:/home/lukasz-adm/.m2/repository/com/fasterxml/jackson/datatype/jackson-datatype-jdk8/2.8.5/jackson-datatype-jdk8-2.8.5.jar:/home/lukasz-adm/.m2/repository/com/fasterxml/jackson/datatype/jackson-datatype-jsr310/2.8.5/jackson-datatype-jsr310-2.8.5.jar:/home/lukasz-adm/.m2/repository/org/springframework/boot/spring-boot-starter-test/1.5.8.RELEASE/spring-boot-starter-test-1.5.8.RELEASE.jar:/home/lukasz-adm/.m2/repository/org/springframework/boot/spring-boot-test/1.5.8.RELEASE/spring-boot-test-1.5.8.RELEASE.jar:/home/lukasz-adm/.m2/repository/org/springframework/boot/spring-boot-test-autoconfigure/1.5.8.RELEASE/spring-boot-test-autoconfigure-1.5.8.RELEASE.jar:/home/lukasz-adm/.m2/repository/com/jayway/jsonpath/json-path/2.2.0/json-path-2.2.0.jar:/home/lukasz-adm/.m2/repository/net/minidev/json-smart/2.2.1/json-smart-2.2.1.jar:/home/lukasz-adm/.m2/repository/net/minidev/accessors-smart/1.1/accessors-smart-1.1.jar:/home/lukasz-adm/.m2/repository/org/ow2/asm/asm/5.0.3/asm-5.0.3.jar:/home/lukasz-adm/.m2/repository/org/slf4j/slf4j-api/1.7.25/slf4j-api-1.7.25.jar:/home/lukasz-adm/.m2/repository/junit/junit/4.12/junit-4.12.jar:/home/lukasz-adm/.m2/repository/org/assertj/assertj-core/2.6.0/assertj-core-2.6.0.jar:/home/lukasz-adm/.m2/repository/org/mockito/mockito-core/1.10.19/mockito-core-1.10.19.jar:/home/lukasz-adm/.m2/repository/org/objenesis/objenesis/2.1/objenesis-2.1.jar:/home/lukasz-adm/.m2/repository/org/hamcrest/hamcrest-core/1.3/hamcrest-core-1.3.jar:/home/lukasz-adm/.m2/repository/org/hamcrest/hamcrest-library/1.3/hamcrest-library-1.3.jar:/home/lukasz-adm/.m2/repository/org/skyscreamer/jsonassert/1.4.0/jsonassert-1.4.0.jar:/home/lukasz-adm/.m2/repository/com/vaadin/external/google/android-json/0.0.20131108.vaadin1/android-json-0.0.20131108.vaadin1.jar:/home/lukasz-adm/.m2/repository/org/springframework/spring-core/4.3.12.RELEASE/spring-core-4.3.12.RELEASE.jar:/home/lukasz-adm/.m2/repository/org/springframework/spring-test/4.3.12.RELEASE/spring-test-4.3.12.RELEASE.jar:, java.specification.name=Java Platform API Specification, java.class.version=52.0, sun.management.compiler=HotSpot 64-Bit Tiered Compilers, os.version=4.10.0-38-generic, user.home=/home/lukasz-adm, user.timezone=Europe/Warsaw, java.awt.printerjob=sun.print.PSPrinterJob, file.encoding=UTF-8, java.specification.version=1.8, java.class.path=/home/lukasz-adm/workspace-prototypes/inferno-security-parent/inferno-security-interfaces-parent/inferno-security-rest-proxy/target/test-classes:/home/lukasz-adm/workspace-prototypes/inferno-security-parent/inferno-security-interfaces-parent/inferno-security-rest-proxy/target/classes:/home/lukasz-adm/.m2/repository/org/springframework/boot/spring-boot-starter-web/1.5.8.RELEASE/spring-boot-starter-web-1.5.8.RELEASE.jar:/home/lukasz-adm/.m2/repository/org/springframework/boot/spring-boot-starter/1.5.8.RELEASE/spring-boot-starter-1.5.8.RELEASE.jar:/home/lukasz-adm/.m2/repository/org/springframework/boot/spring-boot/1.5.8.RELEASE/spring-boot-1.5.8.RELEASE.jar:/home/lukasz-adm/.m2/repository/org/springframework/boot/spring-boot-autoconfigure/1.5.8.RELEASE/spring-boot-autoconfigure-1.5.8.RELEASE.jar:/home/lukasz-adm/.m2/repository/org/springframework/boot/spring-boot-starter-logging/1.5.8.RELEASE/spring-boot-starter-logging-1.5.8.RELEASE.jar:/home/lukasz-adm/.m2/repository/ch/qos/logback/logback-classic/1.1.11/logback-classic-1.1.11.jar:/home/lukasz-adm/.m2/repository/ch/qos/logback/logback-core/1.1.11/logback-core-1.1.11.jar:/home/lukasz-adm/.m2/repository/org/slf4j/jcl-over-slf4j/1.7.25/jcl-over-slf4j-1.7.25.jar:/home/lukasz-adm/.m2/repository/org/slf4j/jul-to-slf4j/1.7.25/jul-to-slf4j-1.7.25.jar:/home/lukasz-adm/.m2/repository/org/slf4j/log4j-over-slf4j/1.7.25/log4j-over-slf4j-1.7.25.jar:/home/lukasz-adm/.m2/repository/org/yaml/snakeyaml/1.17/snakeyaml-1.17.jar:/home/lukasz-adm/.m2/repository/org/springframework/boot/spring-boot-starter-tomcat/1.5.8.RELEASE/spring-boot-starter-tomcat-1.5.8.RELEASE.jar:/home/lukasz-adm/.m2/repository/org/apache/tomcat/embed/tomcat-embed-core/8.5.23/tomcat-embed-core-8.5.23.jar:/home/lukasz-adm/.m2/repository/org/apache/tomcat/tomcat-annotations-api/8.5.23/tomcat-annotations-api-8.5.23.jar:/home/lukasz-adm/.m2/repository/org/apache/tomcat/embed/tomcat-embed-el/8.5.23/tomcat-embed-el-8.5.23.jar:/home/lukasz-adm/.m2/repository/org/apache/tomcat/embed/tomcat-embed-websocket/8.5.23/tomcat-embed-websocket-8.5.23.jar:/home/lukasz-adm/.m2/repository/org/hibernate/hibernate-validator/5.3.5.Final/hibernate-validator-5.3.5.Final.jar:/home/lukasz-adm/.m2/repository/javax/validation/validation-api/1.1.0.Final/validation-api-1.1.0.Final.jar:/home/lukasz-adm/.m2/repository/org/jboss/logging/jboss-logging/3.3.1.Final/jboss-logging-3.3.1.Final.jar:/home/lukasz-adm/.m2/repository/com/fasterxml/classmate/1.3.4/classmate-1.3.4.jar:/home/lukasz-adm/.m2/repository/org/springframework/spring-web/4.3.12.RELEASE/spring-web-4.3.12.RELEASE.jar:/home/lukasz-adm/.m2/repository/org/springframework/spring-aop/4.3.12.RELEASE/spring-aop-4.3.12.RELEASE.jar:/home/lukasz-adm/.m2/repository/org/springframework/spring-beans/4.3.12.RELEASE/spring-beans-4.3.12.RELEASE.jar:/home/lukasz-adm/.m2/repository/org/springframework/spring-context/4.3.12.RELEASE/spring-context-4.3.12.RELEASE.jar:/home/lukasz-adm/.m2/repository/org/springframework/spring-webmvc/4.3.12.RELEASE/spring-webmvc-4.3.12.RELEASE.jar:/home/lukasz-adm/.m2/repository/org/springframework/spring-expression/4.3.12.RELEASE/spring-expression-4.3.12.RELEASE.jar:/home/lukasz-adm/.m2/repository/com/fasterxml/jackson/core/jackson-databind/2.8.5/jackson-databind-2.8.5.jar:/home/lukasz-adm/.m2/repository/com/fasterxml/jackson/core/jackson-annotations/2.8.0/jackson-annotations-2.8.0.jar:/home/lukasz-adm/.m2/repository/com/fasterxml/jackson/core/jackson-core/2.8.10/jackson-core-2.8.10.jar:/home/lukasz-adm/.m2/repository/com/fasterxml/jackson/datatype/jackson-datatype-jdk8/2.8.5/jackson-datatype-jdk8-2.8.5.jar:/home/lukasz-adm/.m2/repository/com/fasterxml/jackson/datatype/jackson-datatype-jsr310/2.8.5/jackson-datatype-jsr310-2.8.5.jar:/home/lukasz-adm/.m2/repository/org/springframework/boot/spring-boot-starter-test/1.5.8.RELEASE/spring-boot-starter-test-1.5.8.RELEASE.jar:/home/lukasz-adm/.m2/repository/org/springframework/boot/spring-boot-test/1.5.8.RELEASE/spring-boot-test-1.5.8.RELEASE.jar:/home/lukasz-adm/.m2/repository/org/springframework/boot/spring-boot-test-autoconfigure/1.5.8.RELEASE/spring-boot-test-autoconfigure-1.5.8.RELEASE.jar:/home/lukasz-adm/.m2/repository/com/jayway/jsonpath/json-path/2.2.0/json-path-2.2.0.jar:/home/lukasz-adm/.m2/repository/net/minidev/json-smart/2.2.1/json-smart-2.2.1.jar:/home/lukasz-adm/.m2/repository/net/minidev/accessors-smart/1.1/accessors-smart-1.1.jar:/home/lukasz-adm/.m2/repository/org/ow2/asm/asm/5.0.3/asm-5.0.3.jar:/home/lukasz-adm/.m2/repository/org/slf4j/slf4j-api/1.7.25/slf4j-api-1.7.25.jar:/home/lukasz-adm/.m2/repository/junit/junit/4.12/junit-4.12.jar:/home/lukasz-adm/.m2/repository/org/assertj/assertj-core/2.6.0/assertj-core-2.6.0.jar:/home/lukasz-adm/.m2/repository/org/mockito/mockito-core/1.10.19/mockito-core-1.10.19.jar:/home/lukasz-adm/.m2/repository/org/objenesis/objenesis/2.1/objenesis-2.1.jar:/home/lukasz-adm/.m2/repository/org/hamcrest/hamcrest-core/1.3/hamcrest-core-1.3.jar:/home/lukasz-adm/.m2/repository/org/hamcrest/hamcrest-library/1.3/hamcrest-library-1.3.jar:/home/lukasz-adm/.m2/repository/org/skyscreamer/jsonassert/1.4.0/jsonassert-1.4.0.jar:/home/lukasz-adm/.m2/repository/com/vaadin/external/google/android-json/0.0.20131108.vaadin1/android-json-0.0.20131108.vaadin1.jar:/home/lukasz-adm/.m2/repository/org/springframework/spring-core/4.3.12.RELEASE/spring-core-4.3.12.RELEASE.jar:/home/lukasz-adm/.m2/repository/org/springframework/spring-test/4.3.12.RELEASE/spring-test-4.3.12.RELEASE.jar:, user.name=lukasz-adm, java.vm.specification.version=1.8, sun.java.command=/home/lukasz-adm/workspace-prototypes/inferno-security-parent/inferno-security-interfaces-parent/inferno-security-rest-proxy/target/surefire/surefirebooter5741729620948628262.jar /home/lukasz-adm/workspace-prototypes/inferno-security-parent/inferno-security-interfaces-parent/inferno-security-rest-proxy/target/surefire/surefire8040870179221486013tmp /home/lukasz-adm/workspace-prototypes/inferno-security-parent/inferno-security-interfaces-parent/inferno-security-rest-proxy/target/surefire/surefire_13050996561133807610tmp, java.home=/usr/lib/jvm/java-8-oracle/jre, sun.arch.data.model=64, user.language=pl, java.specification.vendor=Oracle Corporation, awt.toolkit=sun.awt.X11.XToolkit, java.vm.info=mixed mode, java.version=1.8.0_144, java.ext.dirs=/usr/lib/jvm/java-8-oracle/jre/lib/ext:/usr/java/packages/lib/ext, sun.boot.class.path=/usr/lib/jvm/java-8-oracle/jre/lib/resources.jar:/usr/lib/jvm/java-8-oracle/jre/lib/rt.jar:/usr/lib/jvm/java-8-oracle/jre/lib/sunrsasign.jar:/usr/lib/jvm/java-8-oracle/jre/lib/jsse.jar:/usr/lib/jvm/java-8-oracle/jre/lib/jce.jar:/usr/lib/jvm/java-8-oracle/jre/lib/charsets.jar:/usr/lib/jvm/java-8-oracle/jre/lib/jfr.jar:/usr/lib/jvm/java-8-oracle/jre/classes, java.vendor=Oracle Corporation, localRepository=/home/lukasz-adm/.m2/repository, file.separator=/, java.vendor.url.bug=http://bugreport.sun.com/bugreport/, sun.io.unicode.encoding=UnicodeLittle, sun.cpu.endian=little, sun.desktop=gnome, sun.cpu.isalist=}}, SystemEnvironmentPropertySource@222511810 {name='systemEnvironment', properties={PATH=/home/lukasz-adm/bin:/home/lukasz-adm/.local/bin:/usr/local/sbin:/usr/local/bin:/usr/sbin:/usr/bin:/sbin:/bin:/usr/games:/usr/local/games:/snap/bin:/usr/lib/jvm/java-8-oracle/bin:/usr/lib/jvm/java-8-oracle/db/bin:/usr/lib/jvm/java-8-oracle/jre/bin:/etc/os-release:/usr/lib/jvm/java-8-oracle:/usr/lib/jvm/java-8-oracle/bin:/opt/spring-boot/spring-1.5.8.RELEASE:/opt/spring-boot/spring-1.5.8.RELEASE/bin:/opt/tomcat:/opt/tomcat/bin:/opt/sts-bundle/sts-3.9.1.RELEASE:/usr/share/maven:/etc/os-release:/etc/lsb-release, XAUTHORITY=/run/user/1000/gdm/Xauthority, LC_MEASUREMENT=pl_PL.UTF-8, LC_TELEPHONE=pl_PL.UTF-8, XMODIFIERS=@im=ibus, GDMSESSION=gnome-classic, XDG_DATA_DIRS=/usr/share/gnome-classic:/usr/share/gnome:/home/lukasz-adm/.local/share/flatpak/exports/share/:/var/lib/flatpak/exports/share/:/usr/local/share/:/usr/share/:/var/lib/snapd/desktop, MANDATORY_PATH=/usr/share/gconf/gnome-classic.mandatory.path, LC_TIME=pl_PL.UTF-8, PAPERSIZE=a4, GTK_IM_MODULE=ibus, BASH_IT=/opt/bash-it, DBUS_SESSION_BUS_ADDRESS=unix:path=/run/user/1000/bus, DEFAULTS_PATH=/usr/share/gconf/gnome-classic.default.path, XDG_CURRENT_DESKTOP=GNOME-Classic:GNOME, JOURNAL_STREAM=8:40826, MAVEN_HOME=/usr/share/maven, SSH_AGENT_PID=4490, BASH_IT_THEME=roderik, COLORTERM=truecolor, QT4_IM_MODULE=ibus, SESSION_MANAGER=local/ubuntu-server-01:@/tmp/.ICE-unix/4501,unix/ubuntu-server-01:/tmp/.ICE-unix/4501, QT_LINUX_ACCESSIBILITY_ALWAYS_ON=1, USERNAME=lukasz-adm, LC_PAPER=pl_PL.UTF-8, LOGNAME=lukasz-adm, PWD=/home/lukasz-adm/workspace-prototypes/inferno-security-parent/inferno-security-interfaces-parent/inferno-security-rest-proxy, DERBY_HOME=/usr/lib/jvm/java-8-oracle/db, LANGUAGE=pl_PL:en_US:en, GJS_DEBUG_TOPICS=JS ERROR;JS LOG, WINDOWID=79691782, LESSOPEN=| /usr/bin/lesspipe %s, SHELL=/bin/bash, LC_ADDRESS=pl_PL.UTF-8, J2SDKDIR=/usr/lib/jvm/java-8-oracle, OLDPWD=/home/lukasz-adm/workspace-prototypes/inferno-security-parent/inferno-security-interfaces-parent/inferno-security-rest-proxy, GNOME_DESKTOP_SESSION_ID=this-is-deprecated, GTK_MODULES=gail:atk-bridge, J2REDIR=/usr/lib/jvm/java-8-oracle/jre, CLUTTER_IM_MODULE=xim, SPRING_HOME=/opt/spring-boot/spring-1.5.8.RELEASE, OS_RELEASE=/etc/os-release, XDG_SESSION_DESKTOP=gnome-classic, SHLVL=3, GCC_COLORS=error=01;31:warning=01;35:note=01;36:caret=01;32:locus=01:quote=01, LC_IDENTIFICATION=pl_PL.UTF-8, LC_MONETARY=pl_PL.UTF-8, LESSCLOSE=/usr/bin/lesspipe %s %s, QT_IM_MODULE=ibus, JAVA_HOME=/usr/lib/jvm/java-8-oracle, TERM=xterm-256color, XDG_CONFIG_DIRS=/etc/xdg/xdg-gnome-classic:/etc/xdg:/usr/share/kubuntu-default-settings/kf5-settings, XFILESEARCHPATH=/usr/dt/app-defaults/%L/Dt, LANG=pl_PL.UTF-8, XDG_SESSION_TYPE=x11, XDG_SESSION_ID=4, DISPLAY=:0, DISTRO=Ubuntu, UDEdir=, ECLIPSE_HOME=/opt/sts-bundle/sts-3.9.1.RELEASE, LC_NAME=pl_PL.UTF-8, MAVEN_CMD_LINE_ARGS= clean install package, _=/usr/lib/jvm/java-8-oracle/jre/bin/java, CATALINA_HOME=/opt/tomcat, MAVEN_PROJECTBASEDIR=/home/lukasz-adm/workspace-prototypes/inferno-security-parent, DESKTOP_SESSION=gnome-classic, USER=lukasz-adm, XDG_MENU_PREFIX=gnome-, VTE_VERSION=4402, WINDOWPATH=2, QT_ACCESSIBILITY=1, LC_NUMERIC=pl_PL.UTF-8, GJS_DEBUG_OUTPUT=stderr, XDG_SEAT=seat0, SSH_AUTH_SOCK=/run/user/1000/keyring/ssh, NLSPATH=/usr/dt/lib/nls/msg/%L/%N.cat, GNOME_SHELL_SESSION_MODE=classic, XDG_RUNTIME_DIR=/run/user/1000, XDG_VTNR=2, HOME=/home/lukasz-adm}}]
11:37:44.432 [main] DEBUG org.springframework.test.context.support.TestPropertySourceUtils - Adding inlined properties to environment: {spring.jmx.enabled=false, org.springframework.boot.test.context.SpringBootTestContextBootstrapper=true, server.port=0}
11:37:44.432 [main] DEBUG org.springframework.core.env.StandardEnvironment - Adding PropertySource 'Inlined Test Properties' with highest search precedence

  .   ____          _            __ _ _
 /\\ / ___'_ __ _ _(_)_ __  __ _ \ \ \ \
( ( )\___ | '_ | '_| | '_ \/ _` | \ \ \ \
 \\/  ___)| |_)| | | | | || (_| |  ) ) ) )
  '  |____| .__|_| |_|_| |_\__, | / / / /
 =========|_|==============|___/=/_/_/_/
 :: Spring Boot ::        (v1.5.8.RELEASE)

2017-11-07 11:37:44.747  INFO 29993 --- [           main] p.i.security.InfernoRestProxyRunnerTest  : Starting InfernoRestProxyRunnerTest on ubuntu-server-01 with PID 29993 (started by lukasz-adm in /home/lukasz-adm/workspace-prototypes/inferno-security-parent/inferno-security-interfaces-parent/inferno-security-rest-proxy)
2017-11-07 11:37:44.748  INFO 29993 --- [           main] p.i.security.InfernoRestProxyRunnerTest  : No active profile set, falling back to default profiles: default
2017-11-07 11:37:44.796  INFO 29993 --- [           main] ationConfigEmbeddedWebApplicationContext : Refreshing org.springframework.boot.context.embedded.AnnotationConfigEmbeddedWebApplicationContext@2a266d09: startup date [Tue Nov 07 11:37:44 CET 2017]; root of context hierarchy
2017-11-07 11:37:46.390  INFO 29993 --- [           main] s.b.c.e.t.TomcatEmbeddedServletContainer : Tomcat initialized with port(s): 0 (http)
2017-11-07 11:37:46.404  INFO 29993 --- [           main] o.apache.catalina.core.StandardService   : Starting service [Tomcat]
2017-11-07 11:37:46.406  INFO 29993 --- [           main] org.apache.catalina.core.StandardEngine  : Starting Servlet Engine: Apache Tomcat/8.5.23
2017-11-07 11:37:46.568  INFO 29993 --- [ost-startStop-1] o.a.c.c.C.[Tomcat].[localhost].[/]       : Initializing Spring embedded WebApplicationContext
2017-11-07 11:37:46.569  INFO 29993 --- [ost-startStop-1] o.s.web.context.ContextLoader            : Root WebApplicationContext: initialization completed in 1777 ms
2017-11-07 11:37:46.760  INFO 29993 --- [ost-startStop-1] o.s.b.w.servlet.ServletRegistrationBean  : Mapping servlet: 'dispatcherServlet' to [/]
2017-11-07 11:37:46.766  INFO 29993 --- [ost-startStop-1] o.s.b.w.servlet.FilterRegistrationBean   : Mapping filter: 'characterEncodingFilter' to: [/*]
2017-11-07 11:37:46.767  INFO 29993 --- [ost-startStop-1] o.s.b.w.servlet.FilterRegistrationBean   : Mapping filter: 'hiddenHttpMethodFilter' to: [/*]
2017-11-07 11:37:46.767  INFO 29993 --- [ost-startStop-1] o.s.b.w.servlet.FilterRegistrationBean   : Mapping filter: 'httpPutFormContentFilter' to: [/*]
2017-11-07 11:37:46.767  INFO 29993 --- [ost-startStop-1] o.s.b.w.servlet.FilterRegistrationBean   : Mapping filter: 'requestContextFilter' to: [/*]
2017-11-07 11:37:47.175  INFO 29993 --- [           main] s.w.s.m.m.a.RequestMappingHandlerAdapter : Looking for @ControllerAdvice: org.springframework.boot.context.embedded.AnnotationConfigEmbeddedWebApplicationContext@2a266d09: startup date [Tue Nov 07 11:37:44 CET 2017]; root of context hierarchy
2017-11-07 11:37:47.263  INFO 29993 --- [           main] s.w.s.m.m.a.RequestMappingHandlerMapping : Mapped "{[/error],produces=[text/html]}" onto public org.springframework.web.servlet.ModelAndView org.springframework.boot.autoconfigure.web.BasicErrorController.errorHtml(javax.servlet.http.HttpServletRequest,javax.servlet.http.HttpServletResponse)
2017-11-07 11:37:47.264  INFO 29993 --- [           main] s.w.s.m.m.a.RequestMappingHandlerMapping : Mapped "{[/error]}" onto public org.springframework.http.ResponseEntity<java.util.Map<java.lang.String, java.lang.Object>> org.springframework.boot.autoconfigure.web.BasicErrorController.error(javax.servlet.http.HttpServletRequest)
2017-11-07 11:37:47.309  INFO 29993 --- [           main] o.s.w.s.handler.SimpleUrlHandlerMapping  : Mapped URL path [/webjars/**] onto handler of type [class org.springframework.web.servlet.resource.ResourceHttpRequestHandler]
2017-11-07 11:37:47.309  INFO 29993 --- [           main] o.s.w.s.handler.SimpleUrlHandlerMapping  : Mapped URL path [/**] onto handler of type [class org.springframework.web.servlet.resource.ResourceHttpRequestHandler]
2017-11-07 11:37:47.381  INFO 29993 --- [           main] o.s.w.s.handler.SimpleUrlHandlerMapping  : Mapped URL path [/**/favicon.ico] onto handler of type [class org.springframework.web.servlet.resource.ResourceHttpRequestHandler]
2017-11-07 11:37:47.624  INFO 29993 --- [           main] s.b.c.e.t.TomcatEmbeddedServletContainer : Tomcat started on port(s): 40493 (http)
2017-11-07 11:37:47.631  INFO 29993 --- [           main] p.i.security.InfernoRestProxyRunnerTest  : Started InfernoRestProxyRunnerTest in 3.196 seconds (JVM running for 4.062)
]]></system-out>
  </testcase>
  <testcase name="testUserByName" classname="pl.inferno.security.InfernoRestProxyRunnerTest" time="0.069">
    <error message="I/O error on GET request for &quot;http://localhost:8001/api/user/name/inferno-admin&quot;: Połączenie odrzucone (Connection refused); nested exception is java.net.ConnectException: Połączenie odrzucone (Connection refused)" type="org.springframework.web.client.ResourceAccessException"><![CDATA[org.springframework.web.client.ResourceAccessException: I/O error on GET request for "http://localhost:8001/api/user/name/inferno-admin": Połączenie odrzucone (Connection refused); nested exception is java.net.ConnectException: Połączenie odrzucone (Connection refused)
	at java.net.PlainSocketImpl.socketConnect(Native Method)
	at java.net.AbstractPlainSocketImpl.doConnect(AbstractPlainSocketImpl.java:350)
	at java.net.AbstractPlainSocketImpl.connectToAddress(AbstractPlainSocketImpl.java:206)
	at java.net.AbstractPlainSocketImpl.connect(AbstractPlainSocketImpl.java:188)
	at java.net.SocksSocketImpl.connect(SocksSocketImpl.java:392)
	at java.net.Socket.connect(Socket.java:589)
	at java.net.Socket.connect(Socket.java:538)
	at sun.net.NetworkClient.doConnect(NetworkClient.java:180)
	at sun.net.www.http.HttpClient.openServer(HttpClient.java:463)
	at sun.net.www.http.HttpClient.openServer(HttpClient.java:558)
	at sun.net.www.http.HttpClient.<init>(HttpClient.java:242)
	at sun.net.www.http.HttpClient.New(HttpClient.java:339)
	at sun.net.www.http.HttpClient.New(HttpClient.java:357)
	at sun.net.www.protocol.http.HttpURLConnection.getNewHttpClient(HttpURLConnection.java:1202)
	at sun.net.www.protocol.http.HttpURLConnection.plainConnect0(HttpURLConnection.java:1138)
	at sun.net.www.protocol.http.HttpURLConnection.plainConnect(HttpURLConnection.java:1032)
	at sun.net.www.protocol.http.HttpURLConnection.connect(HttpURLConnection.java:966)
	at org.springframework.http.client.SimpleBufferingClientHttpRequest.executeInternal(SimpleBufferingClientHttpRequest.java:78)
	at org.springframework.http.client.AbstractBufferingClientHttpRequest.executeInternal(AbstractBufferingClientHttpRequest.java:48)
	at org.springframework.http.client.AbstractClientHttpRequest.execute(AbstractClientHttpRequest.java:53)
	at org.springframework.web.client.RestTemplate.doExecute(RestTemplate.java:652)
	at org.springframework.web.client.RestTemplate.execute(RestTemplate.java:613)
	at org.springframework.web.client.RestTemplate.getForEntity(RestTemplate.java:312)
	at pl.inferno.security.proxy.service.impl.UserProxyServiceImpl.getUserByUsername(UserProxyServiceImpl.java:38)
	at pl.inferno.security.InfernoRestProxyRunnerTest.testUserByName(InfernoRestProxyRunnerTest.java:48)
]]></error>
  </testcase>
  <testcase name="testUserById" classname="pl.inferno.security.InfernoRestProxyRunnerTest" time="0.005">
    <error message="I/O error on GET request for &quot;http://localhost:8001/api/user/3&quot;: Połączenie odrzucone (Connection refused); nested exception is java.net.ConnectException: Połączenie odrzucone (Connection refused)" type="org.springframework.web.client.ResourceAccessException"><![CDATA[org.springframework.web.client.ResourceAccessException: I/O error on GET request for "http://localhost:8001/api/user/3": Połączenie odrzucone (Connection refused); nested exception is java.net.ConnectException: Połączenie odrzucone (Connection refused)
	at java.net.PlainSocketImpl.socketConnect(Native Method)
	at java.net.AbstractPlainSocketImpl.doConnect(AbstractPlainSocketImpl.java:350)
	at java.net.AbstractPlainSocketImpl.connectToAddress(AbstractPlainSocketImpl.java:206)
	at java.net.AbstractPlainSocketImpl.connect(AbstractPlainSocketImpl.java:188)
	at java.net.SocksSocketImpl.connect(SocksSocketImpl.java:392)
	at java.net.Socket.connect(Socket.java:589)
	at java.net.Socket.connect(Socket.java:538)
	at sun.net.NetworkClient.doConnect(NetworkClient.java:180)
	at sun.net.www.http.HttpClient.openServer(HttpClient.java:463)
	at sun.net.www.http.HttpClient.openServer(HttpClient.java:558)
	at sun.net.www.http.HttpClient.<init>(HttpClient.java:242)
	at sun.net.www.http.HttpClient.New(HttpClient.java:339)
	at sun.net.www.http.HttpClient.New(HttpClient.java:357)
	at sun.net.www.protocol.http.HttpURLConnection.getNewHttpClient(HttpURLConnection.java:1202)
	at sun.net.www.protocol.http.HttpURLConnection.plainConnect0(HttpURLConnection.java:1138)
	at sun.net.www.protocol.http.HttpURLConnection.plainConnect(HttpURLConnection.java:1032)
	at sun.net.www.protocol.http.HttpURLConnection.connect(HttpURLConnection.java:966)
	at org.springframework.http.client.SimpleBufferingClientHttpRequest.executeInternal(SimpleBufferingClientHttpRequest.java:78)
	at org.springframework.http.client.AbstractBufferingClientHttpRequest.executeInternal(AbstractBufferingClientHttpRequest.java:48)
	at org.springframework.http.client.AbstractClientHttpRequest.execute(AbstractClientHttpRequest.java:53)
	at org.springframework.web.client.RestTemplate.doExecute(RestTemplate.java:652)
	at org.springframework.web.client.RestTemplate.execute(RestTemplate.java:613)
	at org.springframework.web.client.RestTemplate.getForEntity(RestTemplate.java:312)
	at pl.inferno.security.proxy.service.impl.UserProxyServiceImpl.getUserById(UserProxyServiceImpl.java:59)
	at pl.inferno.security.InfernoRestProxyRunnerTest.testUserById(InfernoRestProxyRunnerTest.java:59)
]]></error>
  </testcase>
</testsuite>